2026-03-20T10:03:38: PM2 log: ===============================================================================
2026-03-20T10:03:38: PM2 log: --- New PM2 Daemon started ----------------------------------------------------
2026-03-20T10:03:38: PM2 log: Time                 : Fri Mar 20 2026 10:03:38 GMT+0000 (Coordinated Universal Time)
2026-03-20T10:03:38: PM2 log: PM2 version          : 6.0.14
2026-03-20T10:03:38: PM2 log: Node.js version      : 18.19.1
2026-03-20T10:03:38: PM2 log: Current arch         : x64
2026-03-20T10:03:38: PM2 log: PM2 home             : /home/ubuntu/.pm2
2026-03-20T10:03:38: PM2 log: PM2 PID file         : /home/ubuntu/.pm2/pm2.pid
2026-03-20T10:03:38: PM2 log: RPC socket file      : /home/ubuntu/.pm2/rpc.sock
2026-03-20T10:03:38: PM2 log: BUS socket file      : /home/ubuntu/.pm2/pub.sock
2026-03-20T10:03:38: PM2 log: Application log path : /home/ubuntu/.pm2/logs
2026-03-20T10:03:38: PM2 log: Worker Interval      : 30000
2026-03-20T10:03:38: PM2 log: Process dump file    : /home/ubuntu/.pm2/dump.pm2
2026-03-20T10:03:38: PM2 log: Concurrent actions   : 2
2026-03-20T10:03:38: PM2 log: SIGTERM timeout      : 1600
2026-03-20T10:03:38: PM2 log: Runtime Binary       : /usr/bin/node
2026-03-20T10:03:38: PM2 log: ===============================================================================
2026-03-20T10:03:58: PM2 log: App [app:0] starting in -fork mode-
2026-03-20T10:03:58: PM2 log: App [app:0] online
2026-03-20T10:05:56: PM2 log: pm2 has been killed by signal, dumping process list before exit...
2026-03-20T10:05:56: PM2 log: Deleting process 0
2026-03-20T10:05:56: PM2 log: Stopping app:app id:0
2026-03-20T10:05:56: PM2 log: App [app:0] exited with code [0] via signal [SIGHUP]
2026-03-20T10:05:56: PM2 log: pid=7609 msg=process killed
2026-03-20T10:05:56: PM2 log: Exited peacefully
2026-03-20T10:06:18: PM2 log: ===============================================================================
2026-03-20T10:06:18: PM2 log: --- New PM2 Daemon started ----------------------------------------------------
2026-03-20T10:06:18: PM2 log: Time                 : Fri Mar 20 2026 10:06:18 GMT+0000 (Coordinated Universal Time)
2026-03-20T10:06:18: PM2 log: PM2 version          : 6.0.14
2026-03-20T10:06:18: PM2 log: Node.js version      : 18.19.1
2026-03-20T10:06:18: PM2 log: Current arch         : x64
2026-03-20T10:06:18: PM2 log: PM2 home             : /home/ubuntu/.pm2
2026-03-20T10:06:18: PM2 log: PM2 PID file         : /home/ubuntu/.pm2/pm2.pid
2026-03-20T10:06:18: PM2 log: RPC socket file      : /home/ubuntu/.pm2/rpc.sock
2026-03-20T10:06:18: PM2 log: BUS socket file      : /home/ubuntu/.pm2/pub.sock
2026-03-20T10:06:18: PM2 log: Application log path : /home/ubuntu/.pm2/logs
2026-03-20T10:06:18: PM2 log: Worker Interval      : 30000
2026-03-20T10:06:18: PM2 log: Process dump file    : /home/ubuntu/.pm2/dump.pm2
2026-03-20T10:06:18: PM2 log: Concurrent actions   : 2
2026-03-20T10:06:18: PM2 log: SIGTERM timeout      : 1600
2026-03-20T10:06:18: PM2 log: Runtime Binary       : /usr/bin/node
2026-03-20T10:06:18: PM2 log: ===============================================================================
2026-03-20T10:06:18: PM2 log: App [app:0] starting in -fork mode-
2026-03-20T10:06:18: PM2 log: App [app:0] online
2026-03-20T10:14:17: PM2 log: Stopping app:app id:0
2026-03-20T10:14:17: PM2 log: App [app:0] exited with code [0] via signal [SIGINT]
2026-03-20T10:14:17: PM2 log: pid=896 msg=process killed
