0 verbose cli /usr/bin/node /usr/bin/npm
1 info using npm@9.2.0
2 info using node@v18.19.1
3 timing npm:load:whichnode Completed in 0ms
4 timing config:load:defaults Completed in 2ms
5 timing config:load:file:/usr/share/nodejs/npm/npmrc Completed in 4ms
6 timing config:load:builtin Completed in 4ms
7 timing config:load:cli Completed in 2ms
8 timing config:load:env Completed in 0ms
9 timing config:load:project Completed in 2ms
10 timing config:load:file:/home/ubuntu/.npmrc Completed in 0ms
11 timing config:load:user Completed in 0ms
12 timing config:load:file:/etc/npmrc Completed in 0ms
13 timing config:load:global Completed in 1ms
14 timing config:load:setEnvs Completed in 1ms
15 timing config:load Completed in 13ms
16 timing npm:load:configload Completed in 13ms
17 timing npm:load:mkdirpcache Completed in 1ms
18 timing npm:load:mkdirplogs Completed in 0ms
19 verbose title npm install mysql2
20 verbose argv "install" "mysql2"
21 timing npm:load:setTitle Completed in 2ms
22 timing config:load:flatten Completed in 5ms
23 timing npm:load:display Completed in 6ms
24 verbose logfile logs-max:10 dir:/home/ubuntu/.npm/_logs/2026-03-19T11_02_53_459Z-
25 verbose logfile /home/ubuntu/.npm/_logs/2026-03-19T11_02_53_459Z-debug-0.log
26 timing npm:load:logFile Completed in 10ms
27 timing npm:load:timers Completed in 0ms
28 timing npm:load:configScope Completed in 0ms
29 timing npm:load Completed in 33ms
30 timing config:load:flatten Completed in 1ms
31 timing arborist:ctor Completed in 1ms
32 silly logfile done cleaning log files
33 timing arborist:ctor Completed in 0ms
34 timing idealTree:init Completed in 20ms
35 timing idealTree:userRequests Completed in 8ms
36 silly idealTree buildDeps
37 silly fetch manifest mysql2@*
38 http fetch GET 200 https://registry.npmjs.org/mysql2 139ms (cache miss)
39 silly fetch manifest @types/node@>= 8
40 http fetch GET 200 https://registry.npmjs.org/@types%2fnode 133ms (cache miss)
41 silly placeDep ROOT mysql2@3.20.0 OK for: ubuntu@1.0.0 want: *
42 silly placeDep ROOT @types/node@25.5.0 OK for: mysql2@3.20.0 want: >= 8
43 silly fetch manifest aws-ssl-profiles@^1.1.2
44 silly fetch manifest denque@^2.1.0
45 silly fetch manifest generate-function@^2.3.1
46 silly fetch manifest iconv-lite@^0.7.2
47 silly fetch manifest long@^5.3.2
48 silly fetch manifest lru.min@^1.1.4
49 silly fetch manifest named-placeholders@^1.1.6
50 silly fetch manifest sql-escaper@^1.3.3
51 silly fetch manifest undici-types@~7.18.0
52 http fetch GET 200 https://registry.npmjs.org/aws-ssl-profiles 58ms (cache miss)
53 http fetch GET 200 https://registry.npmjs.org/named-placeholders 100ms (cache miss)
54 http fetch GET 200 https://registry.npmjs.org/generate-function 103ms (cache miss)
55 http fetch GET 200 https://registry.npmjs.org/denque 111ms (cache miss)
56 http fetch GET 200 https://registry.npmjs.org/long 112ms (cache miss)
57 http fetch GET 200 https://registry.npmjs.org/iconv-lite 115ms (cache miss)
58 http fetch GET 200 https://registry.npmjs.org/undici-types 108ms (cache miss)
59 http fetch GET 200 https://registry.npmjs.org/lru.min 119ms (cache miss)
60 http fetch GET 200 https://registry.npmjs.org/sql-escaper 218ms (cache miss)
61 timing idealTree:#root Completed in 546ms
62 silly placeDep ROOT undici-types@7.18.2 OK for: @types/node@25.5.0 want: ~7.18.0
63 timing idealTree:node_modules/@types/node Completed in 4ms
64 silly placeDep ROOT aws-ssl-profiles@1.1.2 OK for: mysql2@3.20.0 want: ^1.1.2
65 silly placeDep ROOT denque@2.1.0 OK for: mysql2@3.20.0 want: ^2.1.0
66 silly placeDep ROOT generate-function@2.3.1 OK for: mysql2@3.20.0 want: ^2.3.1
67 silly placeDep ROOT iconv-lite@0.7.2 OK for: mysql2@3.20.0 want: ^0.7.2
68 silly placeDep ROOT long@5.3.2 OK for: mysql2@3.20.0 want: ^5.3.2
69 silly placeDep ROOT lru.min@1.1.4 OK for: mysql2@3.20.0 want: ^1.1.4
70 silly placeDep ROOT named-placeholders@1.1.6 OK for: mysql2@3.20.0 want: ^1.1.6
71 silly placeDep ROOT sql-escaper@1.3.3 OK for: mysql2@3.20.0 want: ^1.3.3
72 silly fetch manifest is-property@^1.0.2
73 silly fetch manifest safer-buffer@>= 2.1.2 < 3.0.0
74 http fetch GET 200 https://registry.npmjs.org/is-property 32ms (cache miss)
75 http fetch GET 200 https://registry.npmjs.org/safer-buffer 36ms (cache miss)
76 timing idealTree:node_modules/mysql2 Completed in 59ms
77 timing idealTree:node_modules/aws-ssl-profiles Completed in 0ms
78 timing idealTree:node_modules/denque Completed in 0ms
79 silly placeDep ROOT is-property@1.0.2 OK for: generate-function@2.3.1 want: ^1.0.2
80 timing idealTree:node_modules/generate-function Completed in 3ms
81 silly placeDep ROOT safer-buffer@2.1.2 OK for: iconv-lite@0.7.2 want: >= 2.1.2 < 3.0.0
82 timing idealTree:node_modules/iconv-lite Completed in 2ms
83 timing idealTree:node_modules/is-property Completed in 0ms
84 timing idealTree:node_modules/long Completed in 0ms
85 timing idealTree:node_modules/lru.min Completed in 0ms
86 timing idealTree:node_modules/named-placeholders Completed in 3ms
87 timing idealTree:node_modules/safer-buffer Completed in 0ms
88 timing idealTree:node_modules/sql-escaper Completed in 0ms
89 timing idealTree:node_modules/undici-types Completed in 0ms
90 timing idealTree:buildDeps Completed in 618ms
91 timing idealTree:fixDepFlags Completed in 1ms
92 timing idealTree Completed in 652ms
93 timing reify:loadTrees Completed in 654ms
94 timing reify:diffTrees Completed in 2ms
95 silly reify moves {}
96 timing reify:retireShallow Completed in 2ms
97 timing reify:createSparse Completed in 4ms
98 timing reify:loadBundles Completed in 0ms
99 silly audit bulk request {
99 silly audit   mysql2: [ '3.20.0' ],
99 silly audit   '@types/node': [ '25.5.0' ],
99 silly audit   'undici-types': [ '7.18.2' ],
99 silly audit   'aws-ssl-profiles': [ '1.1.2' ],
99 silly audit   denque: [ '2.1.0' ],
99 silly audit   'generate-function': [ '2.3.1' ],
99 silly audit   'iconv-lite': [ '0.7.2' ],
99 silly audit   long: [ '5.3.2' ],
99 silly audit   'lru.min': [ '1.1.4' ],
99 silly audit   'named-placeholders': [ '1.1.6' ],
99 silly audit   'sql-escaper': [ '1.3.3' ],
99 silly audit   'is-property': [ '1.0.2' ],
99 silly audit   'safer-buffer': [ '2.1.2' ]
99 silly audit }
100 silly tarball no local data for safer-buffer@https://registry.npmjs.org/safer-buffer/-/safer-buffer-2.1.2.tgz. Extracting by manifest.
101 silly tarball no local data for named-placeholders@https://registry.npmjs.org/named-placeholders/-/named-placeholders-1.1.6.tgz. Extracting by manifest.
102 silly tarball no local data for is-property@https://registry.npmjs.org/is-property/-/is-property-1.0.2.tgz. Extracting by manifest.
103 silly tarball no local data for sql-escaper@https://registry.npmjs.org/sql-escaper/-/sql-escaper-1.3.3.tgz. Extracting by manifest.
104 silly tarball no local data for lru.min@https://registry.npmjs.org/lru.min/-/lru.min-1.1.4.tgz. Extracting by manifest.
105 silly tarball no local data for long@https://registry.npmjs.org/long/-/long-5.3.2.tgz. Extracting by manifest.
106 silly tarball no local data for iconv-lite@https://registry.npmjs.org/iconv-lite/-/iconv-lite-0.7.2.tgz. Extracting by manifest.
107 silly tarball no local data for generate-function@https://registry.npmjs.org/generate-function/-/generate-function-2.3.1.tgz. Extracting by manifest.
108 silly tarball no local data for denque@https://registry.npmjs.org/denque/-/denque-2.1.0.tgz. Extracting by manifest.
109 silly tarball no local data for aws-ssl-profiles@https://registry.npmjs.org/aws-ssl-profiles/-/aws-ssl-profiles-1.1.2.tgz. Extracting by manifest.
110 silly tarball no local data for undici-types@https://registry.npmjs.org/undici-types/-/undici-types-7.18.2.tgz. Extracting by manifest.
111 silly tarball no local data for @types/node@https://registry.npmjs.org/@types/node/-/node-25.5.0.tgz. Extracting by manifest.
112 silly tarball no local data for mysql2@https://registry.npmjs.org/mysql2/-/mysql2-3.20.0.tgz. Extracting by manifest.
113 http fetch POST 200 https://registry.npmjs.org/-/npm/v1/security/advisories/bulk 146ms
114 timing auditReport:getReport Completed in 150ms
115 silly audit report {}
116 timing auditReport:init Completed in 0ms
117 timing reify:audit Completed in 151ms
118 http fetch GET 200 https://registry.npmjs.org/generate-function/-/generate-function-2.3.1.tgz 254ms (cache miss)
119 timing reifyNode:node_modules/generate-function Completed in 295ms
120 http fetch GET 200 https://registry.npmjs.org/is-property/-/is-property-1.0.2.tgz 272ms (cache miss)
121 timing reifyNode:node_modules/is-property Completed in 303ms
122 http fetch GET 200 https://registry.npmjs.org/named-placeholders/-/named-placeholders-1.1.6.tgz 275ms (cache miss)
123 timing reifyNode:node_modules/named-placeholders Completed in 304ms
124 http fetch GET 200 https://registry.npmjs.org/safer-buffer/-/safer-buffer-2.1.2.tgz 294ms (cache miss)
125 timing reifyNode:node_modules/safer-buffer Completed in 323ms
126 http fetch GET 200 https://registry.npmjs.org/denque/-/denque-2.1.0.tgz 282ms (cache miss)
127 timing reifyNode:node_modules/denque Completed in 325ms
128 http fetch GET 200 https://registry.npmjs.org/lru.min/-/lru.min-1.1.4.tgz 296ms (cache miss)
129 timing reifyNode:node_modules/lru.min Completed in 328ms
130 http fetch GET 200 https://registry.npmjs.org/sql-escaper/-/sql-escaper-1.3.3.tgz 304ms (cache miss)
131 timing reifyNode:node_modules/sql-escaper Completed in 335ms
132 http fetch GET 200 https://registry.npmjs.org/long/-/long-5.3.2.tgz 314ms (cache miss)
133 timing reifyNode:node_modules/long Completed in 347ms
134 http fetch GET 200 https://registry.npmjs.org/aws-ssl-profiles/-/aws-ssl-profiles-1.1.2.tgz 350ms (cache miss)
135 timing reifyNode:node_modules/aws-ssl-profiles Completed in 397ms
136 http fetch GET 200 https://registry.npmjs.org/undici-types/-/undici-types-7.18.2.tgz 371ms (cache miss)
137 timing reifyNode:node_modules/undici-types Completed in 419ms
138 http fetch GET 200 https://registry.npmjs.org/iconv-lite/-/iconv-lite-0.7.2.tgz 408ms (cache miss)
139 timing reifyNode:node_modules/iconv-lite Completed in 443ms
140 http fetch GET 200 https://registry.npmjs.org/mysql2/-/mysql2-3.20.0.tgz 462ms (cache miss)
141 timing reifyNode:node_modules/mysql2 Completed in 516ms
142 http fetch GET 200 https://registry.npmjs.org/@types/node/-/node-25.5.0.tgz 480ms (cache miss)
143 timing reifyNode:node_modules/@types/node Completed in 533ms
144 timing reify:unpack Completed in 535ms
145 timing reify:unretire Completed in 0ms
146 timing build:queue Completed in 1ms
147 timing build:deps Completed in 2ms
148 timing build Completed in 2ms
149 timing reify:build Completed in 2ms
150 timing reify:trash Completed in 0ms
151 timing reify:save Completed in 15ms
152 timing reify Completed in 1233ms
153 silly ADD node_modules/safer-buffer
154 silly ADD node_modules/is-property
155 silly ADD node_modules/sql-escaper
156 silly ADD node_modules/named-placeholders
157 silly ADD node_modules/lru.min
158 silly ADD node_modules/long
159 silly ADD node_modules/iconv-lite
160 silly ADD node_modules/generate-function
161 silly ADD node_modules/denque
162 silly ADD node_modules/aws-ssl-profiles
163 silly ADD node_modules/undici-types
164 silly ADD node_modules/@types/node
165 silly ADD node_modules/mysql2
166 timing command:install Completed in 1243ms
167 verbose exit 0
168 timing npm Completed in 1298ms
169 info ok
