0 verbose cli /usr/bin/node /usr/bin/npm
1 info using npm@9.2.0
2 info using node@v18.19.1
3 timing npm:load:whichnode Completed in 1ms
4 timing config:load:defaults Completed in 2ms
5 timing config:load:file:/usr/share/nodejs/npm/npmrc Completed in 4ms
6 timing config:load:builtin Completed in 4ms
7 timing config:load:cli Completed in 4ms
8 timing config:load:env Completed in 1ms
9 timing config:load:project Completed in 1ms
10 timing config:load:file:/home/ubuntu/.npmrc Completed in 0ms
11 timing config:load:user Completed in 0ms
12 timing config:load:file:/etc/npmrc Completed in 0ms
13 timing config:load:global Completed in 0ms
14 timing config:load:setEnvs Completed in 2ms
15 timing config:load Completed in 15ms
16 timing npm:load:configload Completed in 15ms
17 timing npm:load:mkdirpcache Completed in 0ms
18 timing npm:load:mkdirplogs Completed in 1ms
19 verbose title npm install pm2
20 verbose argv "install" "--global" "pm2"
21 timing npm:load:setTitle Completed in 2ms
22 timing config:load:flatten Completed in 5ms
23 timing npm:load:display Completed in 7ms
24 verbose logfile logs-max:10 dir:/home/ubuntu/.npm/_logs/2026-03-20T10_02_09_707Z-
25 verbose logfile /home/ubuntu/.npm/_logs/2026-03-20T10_02_09_707Z-debug-0.log
26 timing npm:load:logFile Completed in 10ms
27 timing npm:load:timers Completed in 0ms
28 timing npm:load:configScope Completed in 0ms
29 timing npm:load Completed in 37ms
30 timing config:load:flatten Completed in 1ms
31 timing arborist:ctor Completed in 1ms
32 silly logfile done cleaning log files
33 timing idealTree:init Completed in 10ms
34 timing idealTree:userRequests Completed in 7ms
35 silly idealTree buildDeps
36 silly fetch manifest pm2@*
37 http fetch GET 200 https://registry.npmjs.org/pm2 144ms (cache miss)
38 silly placeDep ROOT pm2@6.0.14 OK for:  want: *
39 silly fetch manifest @pm2/agent@~2.1.1
40 silly fetch manifest @pm2/js-api@~0.8.0
41 silly fetch manifest @pm2/io@~6.1.0
42 silly fetch manifest @pm2/pm2-version-check@^1.0.4
43 silly fetch manifest ansis@4.0.0-node10
44 silly fetch manifest async@3.2.6
45 silly fetch manifest @pm2/blessed@0.1.81
46 silly fetch manifest chokidar@3.6.0
47 silly fetch manifest cli-tableau@2.0.1
48 silly fetch manifest commander@2.15.1
49 silly fetch manifest croner@4.1.97
50 silly fetch manifest dayjs@1.11.15
51 silly fetch manifest debug@4.4.3
52 silly fetch manifest enquirer@2.3.6
53 silly fetch manifest eventemitter2@5.0.1
54 silly fetch manifest fclone@1.0.11
55 silly fetch manifest mkdirp@1.0.4
56 silly fetch manifest needle@2.4.0
57 silly fetch manifest pidusage@3.0.2
58 silly fetch manifest pm2-axon@~4.0.1
59 silly fetch manifest pm2-axon-rpc@~0.7.1
60 silly fetch manifest pm2-deploy@~1.0.2
61 silly fetch manifest pm2-multimeter@^0.1.2
62 silly fetch manifest promptly@2.2.0
63 silly fetch manifest semver@7.7.2
64 silly fetch manifest source-map-support@0.5.21
65 silly fetch manifest sprintf-js@1.1.2
66 silly fetch manifest vizion@~2.2.1
67 silly fetch manifest js-yaml@4.1.1
68 silly fetch manifest pm2-sysmonit@^1.2.8
69 http fetch GET 200 https://registry.npmjs.org/@pm2%2fagent 327ms (cache miss)
70 http fetch GET 200 https://registry.npmjs.org/mkdirp 316ms (cache miss)
71 http fetch GET 200 https://registry.npmjs.org/cli-tableau 323ms (cache miss)
72 http fetch GET 200 https://registry.npmjs.org/pm2-multimeter 315ms (cache miss)
73 http fetch GET 200 https://registry.npmjs.org/@pm2%2fblessed 330ms (cache miss)
74 http fetch GET 200 https://registry.npmjs.org/fclone 327ms (cache miss)
75 http fetch GET 200 https://registry.npmjs.org/vizion 319ms (cache miss)
76 http fetch GET 200 https://registry.npmjs.org/pm2-axon 331ms (cache miss)
77 http fetch GET 200 https://registry.npmjs.org/promptly 329ms (cache miss)
78 http fetch GET 200 https://registry.npmjs.org/@pm2%2fpm2-version-check 346ms (cache miss)
79 http fetch GET 200 https://registry.npmjs.org/pm2-sysmonit 327ms (cache miss)
80 http fetch GET 200 https://registry.npmjs.org/debug 344ms (cache revalidated)
81 http fetch GET 200 https://registry.npmjs.org/pm2-deploy 340ms (cache miss)
82 http fetch GET 200 https://registry.npmjs.org/sprintf-js 336ms (cache miss)
83 http fetch GET 200 https://registry.npmjs.org/pm2-axon-rpc 351ms (cache miss)
84 http fetch GET 200 https://registry.npmjs.org/pidusage 354ms (cache miss)
85 http fetch GET 200 https://registry.npmjs.org/needle 358ms (cache miss)
86 http fetch GET 200 https://registry.npmjs.org/semver 356ms (cache miss)
87 http fetch GET 200 https://registry.npmjs.org/source-map-support 367ms (cache miss)
88 http fetch GET 200 https://registry.npmjs.org/eventemitter2 379ms (cache miss)
89 http fetch GET 200 https://registry.npmjs.org/enquirer 387ms (cache miss)
90 http fetch GET 200 https://registry.npmjs.org/async 395ms (cache miss)
91 http fetch GET 200 https://registry.npmjs.org/js-yaml 382ms (cache miss)
92 http fetch GET 200 https://registry.npmjs.org/ansis 445ms (cache miss)
93 http fetch GET 200 https://registry.npmjs.org/chokidar 447ms (cache miss)
94 http fetch GET 200 https://registry.npmjs.org/@pm2%2fjs-api 456ms (cache miss)
95 http fetch GET 200 https://registry.npmjs.org/commander 459ms (cache miss)
96 http fetch GET 200 https://registry.npmjs.org/@pm2%2fio 473ms (cache miss)
97 http fetch GET 200 https://registry.npmjs.org/dayjs 477ms (cache miss)
98 http fetch GET 200 https://registry.npmjs.org/croner 486ms (cache miss)
99 timing idealTree:#root Completed in 668ms
100 silly placeDep node_modules/pm2 @pm2/agent@2.1.1 OK for: pm2@6.0.14 want: ~2.1.1
101 silly placeDep node_modules/pm2 @pm2/blessed@0.1.81 OK for: pm2@6.0.14 want: 0.1.81
102 silly placeDep node_modules/pm2 @pm2/io@6.1.0 OK for: pm2@6.0.14 want: ~6.1.0
103 silly placeDep node_modules/pm2 @pm2/js-api@0.8.0 OK for: pm2@6.0.14 want: ~0.8.0
104 silly placeDep node_modules/pm2 @pm2/pm2-version-check@1.0.4 OK for: pm2@6.0.14 want: ^1.0.4
105 silly placeDep node_modules/pm2 ansis@4.0.0-node10 OK for: pm2@6.0.14 want: 4.0.0-node10
106 silly placeDep node_modules/pm2 async@3.2.6 OK for: pm2@6.0.14 want: 3.2.6
107 silly placeDep node_modules/pm2 chokidar@3.6.0 OK for: pm2@6.0.14 want: 3.6.0
108 silly placeDep node_modules/pm2 cli-tableau@2.0.1 OK for: pm2@6.0.14 want: 2.0.1
109 silly placeDep node_modules/pm2 commander@2.15.1 OK for: pm2@6.0.14 want: 2.15.1
110 silly placeDep node_modules/pm2 croner@4.1.97 OK for: pm2@6.0.14 want: 4.1.97
111 silly placeDep node_modules/pm2 dayjs@1.11.15 OK for: pm2@6.0.14 want: 1.11.15
112 silly placeDep node_modules/pm2 debug@4.4.3 OK for: pm2@6.0.14 want: 4.4.3
113 silly placeDep node_modules/pm2 enquirer@2.3.6 OK for: pm2@6.0.14 want: 2.3.6
114 silly placeDep node_modules/pm2 eventemitter2@5.0.1 OK for: pm2@6.0.14 want: 5.0.1
115 silly placeDep node_modules/pm2 fclone@1.0.11 OK for: pm2@6.0.14 want: 1.0.11
116 silly placeDep node_modules/pm2 js-yaml@4.1.1 OK for: pm2@6.0.14 want: 4.1.1
117 silly placeDep node_modules/pm2 mkdirp@1.0.4 OK for: pm2@6.0.14 want: 1.0.4
118 silly placeDep node_modules/pm2 needle@2.4.0 OK for: pm2@6.0.14 want: 2.4.0
119 silly placeDep node_modules/pm2 pidusage@3.0.2 OK for: pm2@6.0.14 want: 3.0.2
120 silly placeDep node_modules/pm2 pm2-axon@4.0.1 OK for: pm2@6.0.14 want: ~4.0.1
121 silly placeDep node_modules/pm2 pm2-axon-rpc@0.7.1 OK for: pm2@6.0.14 want: ~0.7.1
122 silly placeDep node_modules/pm2 pm2-deploy@1.0.2 OK for: pm2@6.0.14 want: ~1.0.2
123 silly placeDep node_modules/pm2 pm2-multimeter@0.1.2 OK for: pm2@6.0.14 want: ^0.1.2
124 silly placeDep node_modules/pm2 pm2-sysmonit@1.2.8 OK for: pm2@6.0.14 want: ^1.2.8
125 silly placeDep node_modules/pm2 promptly@2.2.0 OK for: pm2@6.0.14 want: 2.2.0
126 silly placeDep node_modules/pm2 semver@7.7.2 OK for: pm2@6.0.14 want: 7.7.2
127 silly placeDep node_modules/pm2 source-map-support@0.5.21 OK for: pm2@6.0.14 want: 0.5.21
128 silly placeDep node_modules/pm2 sprintf-js@1.1.2 OK for: pm2@6.0.14 want: 1.1.2
129 silly placeDep node_modules/pm2 vizion@2.2.1 OK for: pm2@6.0.14 want: ~2.2.1
130 silly fetch manifest chalk@~3.0.0
131 silly fetch manifest dayjs@~1.8.24
132 silly fetch manifest debug@~4.3.1
133 silly fetch manifest fast-json-patch@^3.1.0
134 silly fetch manifest proxy-agent@~6.4.0
135 silly fetch manifest semver@~7.5.0
136 silly fetch manifest ws@~7.5.10
137 silly fetch manifest async@~2.6.1
138 silly fetch manifest eventemitter2@^6.3.1
139 silly fetch manifest require-in-the-middle@^5.0.0
140 silly fetch manifest semver@~7.5.4
141 silly fetch manifest shimmer@^1.2.0
142 silly fetch manifest signal-exit@^3.0.3
143 silly fetch manifest tslib@1.9.3
144 silly fetch manifest async@^2.6.3
145 silly fetch manifest extrareqp2@^1.0.0
146 silly fetch manifest ws@^7.0.0
147 silly fetch manifest braces@~3.0.2
148 silly fetch manifest is-glob@~4.0.1
149 silly fetch manifest anymatch@~3.1.2
150 silly fetch manifest readdirp@~3.6.0
151 silly fetch manifest glob-parent@~5.1.2
152 silly fetch manifest is-binary-path@~2.1.0
153 silly fetch manifest normalize-path@~3.0.0
154 silly fetch manifest fsevents@~2.3.2
155 silly fetch manifest chalk@3.0.0
156 silly fetch manifest ms@^2.1.3
157 silly fetch manifest ansi-colors@^4.1.1
158 silly fetch manifest argparse@^2.0.1
159 silly fetch manifest sax@^1.2.4
160 silly fetch manifest debug@^3.2.6
161 silly fetch manifest iconv-lite@^0.4.4
162 silly fetch manifest safe-buffer@^5.2.1
163 silly fetch manifest amp@~0.3.1
164 silly fetch manifest amp-message@~0.1.1
165 silly fetch manifest escape-string-regexp@^4.0.0
166 silly fetch manifest run-series@^1.1.8
167 silly fetch manifest tv4@^1.3.0
168 silly fetch manifest charm@~0.1.1
169 silly fetch manifest pidusage@^2.0.21
170 silly fetch manifest systeminformation@^5.7
171 silly fetch manifest tx2@~1.0.4
172 silly fetch manifest read@^1.0.4
173 silly fetch manifest buffer-from@^1.0.0
174 silly fetch manifest source-map@^0.6.0
175 silly fetch manifest git-node-fs@^1.0.0
176 silly fetch manifest ini@^1.3.5
177 silly fetch manifest js-git@^0.7.8
178 http fetch GET 200 https://registry.npmjs.org/require-in-the-middle 332ms (cache miss)
179 http fetch GET 200 https://registry.npmjs.org/escape-string-regexp 308ms (cache miss)
180 http fetch GET 200 https://registry.npmjs.org/amp 311ms (cache miss)
181 http fetch GET 200 https://registry.npmjs.org/signal-exit 334ms (cache miss)
182 http fetch GET 200 https://registry.npmjs.org/amp-message 317ms (cache miss)
183 http fetch GET 200 https://registry.npmjs.org/charm 314ms (cache miss)
184 http fetch GET 200 https://registry.npmjs.org/read 323ms (cache miss)
185 http fetch GET 200 https://registry.npmjs.org/normalize-path 360ms (cache miss)
186 http fetch GET 200 https://registry.npmjs.org/shimmer 376ms (cache miss)
187 http fetch GET 200 https://registry.npmjs.org/git-node-fs 347ms (cache miss)
188 http fetch GET 200 https://registry.npmjs.org/fast-json-patch 387ms (cache miss)
189 http fetch GET 200 https://registry.npmjs.org/extrareqp2 396ms (cache miss)
190 http fetch GET 200 https://registry.npmjs.org/is-glob 411ms (cache miss)
191 http fetch GET 200 https://registry.npmjs.org/glob-parent 409ms (cache miss)
192 http fetch GET 200 https://registry.npmjs.org/anymatch 413ms (cache miss)
193 http fetch GET 200 https://registry.npmjs.org/ansi-colors 406ms (cache miss)
194 http fetch GET 200 https://registry.npmjs.org/safe-buffer 400ms (cache miss)
195 http fetch GET 200 https://registry.npmjs.org/js-git 384ms (cache miss)
196 http fetch GET 200 https://registry.npmjs.org/chalk 429ms (cache miss)
197 http fetch GET 200 https://registry.npmjs.org/readdirp 418ms (cache miss)
198 http fetch GET 200 https://registry.npmjs.org/source-map 393ms (cache miss)
199 http fetch GET 200 https://registry.npmjs.org/fsevents 418ms (cache miss)
200 http fetch GET 200 https://registry.npmjs.org/is-binary-path 420ms (cache miss)
201 http fetch GET 200 https://registry.npmjs.org/run-series 407ms (cache miss)
202 http fetch GET 200 https://registry.npmjs.org/argparse 413ms (cache miss)
203 http fetch GET 200 https://registry.npmjs.org/ini 398ms (cache miss)
204 http fetch GET 200 https://registry.npmjs.org/tx2 403ms (cache miss)
205 http fetch GET 200 https://registry.npmjs.org/chalk 422ms (cache miss)
206 http fetch GET 200 https://registry.npmjs.org/tv4 411ms (cache miss)
207 http fetch GET 200 https://registry.npmjs.org/proxy-agent 442ms (cache miss)
208 http fetch GET 200 https://registry.npmjs.org/braces 435ms (cache miss)
209 http fetch GET 200 https://registry.npmjs.org/buffer-from 409ms (cache miss)
210 http fetch GET 200 https://registry.npmjs.org/sax 424ms (cache miss)
211 http fetch GET 200 https://registry.npmjs.org/iconv-lite 431ms (cache revalidated)
212 http fetch GET 200 https://registry.npmjs.org/ms 441ms (cache revalidated)
213 http fetch GET 200 https://registry.npmjs.org/ws 452ms (cache miss)
214 http fetch GET 200 https://registry.npmjs.org/tslib 460ms (cache miss)
215 http fetch GET 200 https://registry.npmjs.org/ws 475ms (cache miss)
216 http fetch GET 200 https://registry.npmjs.org/systeminformation 470ms (cache miss)
217 timing idealTree:node_modules/pm2 Completed in 580ms
218 silly fetch manifest bufferutil@^4.0.1
219 http fetch GET 200 https://registry.npmjs.org/bufferutil 35ms (cache miss)
220 silly fetch manifest utf-8-validate@^5.0.2
221 http fetch GET 200 https://registry.npmjs.org/utf-8-validate 34ms (cache miss)
222 silly placeDep node_modules/pm2 chalk@3.0.0 OK for: @pm2/agent@2.1.1 want: ~3.0.0
223 silly placeDep node_modules/pm2/node_modules/@pm2/agent dayjs@1.8.36 OK for: @pm2/agent@2.1.1 want: ~1.8.24
224 silly placeDep node_modules/pm2/node_modules/@pm2/agent debug@4.3.7 OK for: @pm2/agent@2.1.1 want: ~4.3.1
225 silly placeDep node_modules/pm2 fast-json-patch@3.1.1 OK for: @pm2/agent@2.1.1 want: ^3.1.0
226 silly placeDep node_modules/pm2 proxy-agent@6.4.0 OK for: @pm2/agent@2.1.1 want: ~6.4.0
227 silly placeDep node_modules/pm2/node_modules/@pm2/agent semver@7.5.4 OK for: @pm2/agent@2.1.1 want: ~7.5.0
228 silly placeDep node_modules/pm2 ws@7.5.10 OK for: @pm2/agent@2.1.1 want: ~7.5.10
229 silly fetch manifest ansi-styles@^4.1.0
230 silly fetch manifest supports-color@^7.1.0
231 silly fetch manifest lru-cache@^7.14.1
232 silly fetch manifest agent-base@^7.0.2
233 silly fetch manifest proxy-from-env@^1.1.0
234 silly fetch manifest pac-proxy-agent@^7.0.1
235 silly fetch manifest http-proxy-agent@^7.0.1
236 silly fetch manifest https-proxy-agent@^7.0.3
237 silly fetch manifest socks-proxy-agent@^8.0.2
238 silly fetch manifest lru-cache@^6.0.0
239 http fetch GET 200 https://registry.npmjs.org/proxy-from-env 149ms (cache miss)
240 http fetch GET 200 https://registry.npmjs.org/agent-base 163ms (cache miss)
241 http fetch GET 200 https://registry.npmjs.org/https-proxy-agent 166ms (cache miss)
242 http fetch GET 200 https://registry.npmjs.org/ansi-styles 176ms (cache miss)
243 http fetch GET 200 https://registry.npmjs.org/http-proxy-agent 172ms (cache miss)
244 http fetch GET 200 https://registry.npmjs.org/socks-proxy-agent 173ms (cache miss)
245 http fetch GET 200 https://registry.npmjs.org/pac-proxy-agent 180ms (cache miss)
246 http fetch GET 200 https://registry.npmjs.org/lru-cache 186ms (cache miss)
247 http fetch GET 200 https://registry.npmjs.org/supports-color 196ms (cache miss)
248 http fetch GET 200 https://registry.npmjs.org/lru-cache 194ms (cache miss)
249 timing idealTree:node_modules/pm2/node_modules/@pm2/agent Completed in 303ms
250 timing idealTree:node_modules/pm2/node_modules/@pm2/blessed Completed in 0ms
251 silly placeDep node_modules/pm2/node_modules/@pm2/io async@2.6.4 OK for: @pm2/io@6.1.0 want: ~2.6.1
252 silly placeDep node_modules/pm2/node_modules/@pm2/io debug@4.3.7 OK for: @pm2/io@6.1.0 want: ~4.3.1
253 silly placeDep node_modules/pm2/node_modules/@pm2/io eventemitter2@6.4.9 OK for: @pm2/io@6.1.0 want: ^6.3.1
254 silly placeDep node_modules/pm2 require-in-the-middle@5.2.0 OK for: @pm2/io@6.1.0 want: ^5.0.0
255 silly placeDep node_modules/pm2/node_modules/@pm2/io semver@7.5.4 OK for: @pm2/io@6.1.0 want: ~7.5.4
256 silly placeDep node_modules/pm2 shimmer@1.2.1 OK for: @pm2/io@6.1.0 want: ^1.2.0
257 silly placeDep node_modules/pm2 signal-exit@3.0.7 OK for: @pm2/io@6.1.0 want: ^3.0.3
258 silly placeDep node_modules/pm2 tslib@1.9.3 OK for: @pm2/io@6.1.0 want: 1.9.3
259 silly fetch manifest lodash@^4.17.14
260 silly fetch manifest resolve@^1.22.1
261 silly fetch manifest module-details-from-path@^1.0.3
262 http fetch GET 200 https://registry.npmjs.org/resolve 25ms (cache miss)
263 http fetch GET 200 https://registry.npmjs.org/module-details-from-path 37ms (cache miss)
264 http fetch GET 200 https://registry.npmjs.org/lodash 40ms (cache miss)
265 timing idealTree:node_modules/pm2/node_modules/@pm2/io Completed in 60ms
266 silly placeDep node_modules/pm2/node_modules/@pm2/js-api async@2.6.4 OK for: @pm2/js-api@0.8.0 want: ^2.6.3
267 silly placeDep node_modules/pm2/node_modules/@pm2/js-api debug@4.3.7 OK for: @pm2/js-api@0.8.0 want: ~4.3.1
268 silly placeDep node_modules/pm2/node_modules/@pm2/js-api eventemitter2@6.4.9 OK for: @pm2/js-api@0.8.0 want: ^6.3.1
269 silly placeDep node_modules/pm2 extrareqp2@1.0.0 OK for: @pm2/js-api@0.8.0 want: ^1.0.0
270 silly fetch manifest follow-redirects@^1.14.0
271 http fetch GET 200 https://registry.npmjs.org/follow-redirects 35ms (cache miss)
272 timing idealTree:node_modules/pm2/node_modules/@pm2/js-api Completed in 47ms
273 timing idealTree:node_modules/pm2/node_modules/@pm2/pm2-version-check Completed in 0ms
274 timing idealTree:node_modules/pm2/node_modules/ansis Completed in 0ms
275 timing idealTree:node_modules/pm2/node_modules/async Completed in 0ms
276 silly placeDep node_modules/pm2 ansi-styles@4.3.0 OK for: chalk@3.0.0 want: ^4.1.0
277 silly placeDep node_modules/pm2 supports-color@7.2.0 OK for: chalk@3.0.0 want: ^7.1.0
278 silly fetch manifest color-convert@^2.0.1
279 silly fetch manifest has-flag@^4.0.0
280 http fetch GET 200 https://registry.npmjs.org/has-flag 33ms (cache miss)
281 http fetch GET 200 https://registry.npmjs.org/color-convert 36ms (cache miss)
282 timing idealTree:node_modules/pm2/node_modules/chalk Completed in 43ms
283 silly placeDep node_modules/pm2 color-convert@2.0.1 OK for: ansi-styles@4.3.0 want: ^2.0.1
284 silly fetch manifest color-name@~1.1.4
285 http fetch GET 200 https://registry.npmjs.org/color-name 25ms (cache miss)
286 timing idealTree:node_modules/pm2/node_modules/ansi-styles Completed in 29ms
287 silly placeDep node_modules/pm2 anymatch@3.1.3 OK for: chokidar@3.6.0 want: ~3.1.2
288 silly placeDep node_modules/pm2 braces@3.0.3 OK for: chokidar@3.6.0 want: ~3.0.2
289 silly placeDep node_modules/pm2 fsevents@2.3.3 OK for: chokidar@3.6.0 want: ~2.3.2
290 silly placeDep node_modules/pm2 glob-parent@5.1.2 OK for: chokidar@3.6.0 want: ~5.1.2
291 silly placeDep node_modules/pm2 is-binary-path@2.1.0 OK for: chokidar@3.6.0 want: ~2.1.0
292 silly placeDep node_modules/pm2 is-glob@4.0.3 OK for: chokidar@3.6.0 want: ~4.0.1
293 silly placeDep node_modules/pm2 normalize-path@3.0.0 OK for: chokidar@3.6.0 want: ~3.0.0
294 silly placeDep node_modules/pm2 readdirp@3.6.0 OK for: chokidar@3.6.0 want: ~3.6.0
295 silly fetch manifest picomatch@^2.0.4
296 silly fetch manifest fill-range@^7.1.1
297 silly fetch manifest binary-extensions@^2.0.0
298 silly fetch manifest is-extglob@^2.1.1
299 silly fetch manifest picomatch@^2.2.1
300 http fetch GET 200 https://registry.npmjs.org/is-extglob 91ms (cache miss)
301 http fetch GET 200 https://registry.npmjs.org/picomatch 91ms (cache miss)
302 http fetch GET 200 https://registry.npmjs.org/fill-range 96ms (cache miss)
303 http fetch GET 200 https://registry.npmjs.org/binary-extensions 96ms (cache miss)
304 http fetch GET 200 https://registry.npmjs.org/picomatch 98ms (cache miss)
305 timing idealTree:node_modules/pm2/node_modules/chokidar Completed in 116ms
306 silly placeDep node_modules/pm2 picomatch@2.3.1 OK for: anymatch@3.1.3 want: ^2.0.4
307 timing idealTree:node_modules/pm2/node_modules/anymatch Completed in 2ms
308 silly placeDep node_modules/pm2 fill-range@7.1.1 OK for: braces@3.0.3 want: ^7.1.1
309 silly fetch manifest to-regex-range@^5.0.1
310 http fetch GET 200 https://registry.npmjs.org/to-regex-range 33ms (cache miss)
311 timing idealTree:node_modules/pm2/node_modules/braces Completed in 37ms
312 timing idealTree:node_modules/pm2/node_modules/cli-tableau Completed in 0ms
313 silly placeDep node_modules/pm2 color-name@1.1.4 OK for: color-convert@2.0.1 want: ~1.1.4
314 timing idealTree:node_modules/pm2/node_modules/color-convert Completed in 4ms
315 timing idealTree:node_modules/pm2/node_modules/color-name Completed in 0ms
316 timing idealTree:node_modules/pm2/node_modules/commander Completed in 0ms
317 timing idealTree:node_modules/pm2/node_modules/croner Completed in 0ms
318 timing idealTree:node_modules/pm2/node_modules/dayjs Completed in 0ms
319 silly placeDep node_modules/pm2 ms@2.1.3 OK for: debug@4.4.3 want: ^2.1.3
320 timing idealTree:node_modules/pm2/node_modules/debug Completed in 3ms
321 silly placeDep node_modules/pm2 ansi-colors@4.1.3 OK for: enquirer@2.3.6 want: ^4.1.1
322 timing idealTree:node_modules/pm2/node_modules/enquirer Completed in 1ms
323 timing idealTree:node_modules/pm2/node_modules/ansi-colors Completed in 0ms
324 timing idealTree:node_modules/pm2/node_modules/eventemitter2 Completed in 0ms
325 silly placeDep node_modules/pm2 follow-redirects@1.15.11 OK for: extrareqp2@1.0.0 want: ^1.14.0
326 timing idealTree:node_modules/pm2/node_modules/extrareqp2 Completed in 2ms
327 timing idealTree:node_modules/pm2/node_modules/fast-json-patch Completed in 0ms
328 timing idealTree:node_modules/pm2/node_modules/fclone Completed in 0ms
329 silly placeDep node_modules/pm2 to-regex-range@5.0.1 OK for: fill-range@7.1.1 want: ^5.0.1
330 silly fetch manifest is-number@^7.0.0
331 http fetch GET 200 https://registry.npmjs.org/is-number 31ms (cache miss)
332 timing idealTree:node_modules/pm2/node_modules/fill-range Completed in 34ms
333 timing idealTree:node_modules/pm2/node_modules/follow-redirects Completed in 0ms
334 timing idealTree:node_modules/pm2/node_modules/fsevents Completed in 0ms
335 timing idealTree:node_modules/pm2/node_modules/glob-parent Completed in 0ms
336 silly placeDep node_modules/pm2 binary-extensions@2.3.0 OK for: is-binary-path@2.1.0 want: ^2.0.0
337 timing idealTree:node_modules/pm2/node_modules/is-binary-path Completed in 2ms
338 timing idealTree:node_modules/pm2/node_modules/binary-extensions Completed in 0ms
339 silly placeDep node_modules/pm2 is-extglob@2.1.1 OK for: is-glob@4.0.3 want: ^2.1.1
340 timing idealTree:node_modules/pm2/node_modules/is-glob Completed in 2ms
341 timing idealTree:node_modules/pm2/node_modules/is-extglob Completed in 0ms
342 silly placeDep node_modules/pm2 argparse@2.0.1 OK for: js-yaml@4.1.1 want: ^2.0.1
343 timing idealTree:node_modules/pm2/node_modules/js-yaml Completed in 2ms
344 timing idealTree:node_modules/pm2/node_modules/argparse Completed in 0ms
345 timing idealTree:node_modules/pm2/node_modules/mkdirp Completed in 0ms
346 timing idealTree:node_modules/pm2/node_modules/ms Completed in 0ms
347 silly placeDep node_modules/pm2/node_modules/needle debug@3.2.7 OK for: needle@2.4.0 want: ^3.2.6
348 silly placeDep node_modules/pm2 iconv-lite@0.4.24 OK for: needle@2.4.0 want: ^0.4.4
349 silly placeDep node_modules/pm2 sax@1.6.0 OK for: needle@2.4.0 want: ^1.2.4
350 silly fetch manifest safer-buffer@>= 2.1.2 < 3
351 http fetch GET 200 https://registry.npmjs.org/safer-buffer 42ms (cache revalidated)
352 timing idealTree:node_modules/pm2/node_modules/needle Completed in 48ms
353 silly placeDep node_modules/pm2 safer-buffer@2.1.2 OK for: iconv-lite@0.4.24 want: >= 2.1.2 < 3
354 timing idealTree:node_modules/pm2/node_modules/iconv-lite Completed in 2ms
355 timing idealTree:node_modules/pm2/node_modules/normalize-path Completed in 0ms
356 timing idealTree:node_modules/pm2/node_modules/picomatch Completed in 0ms
357 silly placeDep node_modules/pm2 safe-buffer@5.2.1 OK for: pidusage@3.0.2 want: ^5.2.1
358 timing idealTree:node_modules/pm2/node_modules/pidusage Completed in 2ms
359 silly placeDep node_modules/pm2 amp@0.3.1 OK for: pm2-axon@4.0.1 want: ~0.3.1
360 silly placeDep node_modules/pm2 amp-message@0.1.2 OK for: pm2-axon@4.0.1 want: ~0.1.1
361 silly placeDep node_modules/pm2 escape-string-regexp@4.0.0 OK for: pm2-axon@4.0.1 want: ^4.0.0
362 timing idealTree:node_modules/pm2/node_modules/pm2-axon Completed in 5ms
363 timing idealTree:node_modules/pm2/node_modules/amp Completed in 0ms
364 timing idealTree:node_modules/pm2/node_modules/amp-message Completed in 0ms
365 timing idealTree:node_modules/pm2/node_modules/escape-string-regexp Completed in 0ms
366 timing idealTree:node_modules/pm2/node_modules/pm2-axon-rpc Completed in 0ms
367 silly placeDep node_modules/pm2 run-series@1.1.9 OK for: pm2-deploy@1.0.2 want: ^1.1.8
368 silly placeDep node_modules/pm2 tv4@1.3.0 OK for: pm2-deploy@1.0.2 want: ^1.3.0
369 timing idealTree:node_modules/pm2/node_modules/pm2-deploy Completed in 4ms
370 silly placeDep node_modules/pm2 charm@0.1.2 OK for: pm2-multimeter@0.1.2 want: ~0.1.1
371 timing idealTree:node_modules/pm2/node_modules/pm2-multimeter Completed in 1ms
372 timing idealTree:node_modules/pm2/node_modules/charm Completed in 0ms
373 silly placeDep node_modules/pm2/node_modules/pm2-sysmonit pidusage@2.0.21 OK for: pm2-sysmonit@1.2.8 want: ^2.0.21
374 silly placeDep node_modules/pm2 systeminformation@5.31.5 OK for: pm2-sysmonit@1.2.8 want: ^5.7
375 silly placeDep node_modules/pm2 tx2@1.0.5 OK for: pm2-sysmonit@1.2.8 want: ~1.0.4
376 silly fetch manifest json-stringify-safe@^5.0.1
377 http fetch GET 200 https://registry.npmjs.org/json-stringify-safe 30ms (cache miss)
378 timing idealTree:node_modules/pm2/node_modules/pm2-sysmonit Completed in 39ms
379 silly placeDep node_modules/pm2 read@1.0.7 OK for: promptly@2.2.0 want: ^1.0.4
380 silly fetch manifest mute-stream@~0.0.4
381 http fetch GET 200 https://registry.npmjs.org/mute-stream 33ms (cache miss)
382 timing idealTree:node_modules/pm2/node_modules/promptly Completed in 36ms
383 silly placeDep node_modules/pm2 agent-base@7.1.4 OK for: proxy-agent@6.4.0 want: ^7.0.2
384 silly placeDep node_modules/pm2 http-proxy-agent@7.0.2 OK for: proxy-agent@6.4.0 want: ^7.0.1
385 silly placeDep node_modules/pm2 https-proxy-agent@7.0.6 OK for: proxy-agent@6.4.0 want: ^7.0.3
386 silly placeDep node_modules/pm2 lru-cache@7.18.3 OK for: proxy-agent@6.4.0 want: ^7.14.1
387 silly placeDep node_modules/pm2 pac-proxy-agent@7.2.0 OK for: proxy-agent@6.4.0 want: ^7.0.1
388 silly placeDep node_modules/pm2 proxy-from-env@1.1.0 OK for: proxy-agent@6.4.0 want: ^1.1.0
389 silly placeDep node_modules/pm2 socks-proxy-agent@8.0.5 OK for: proxy-agent@6.4.0 want: ^8.0.2
390 silly fetch manifest get-uri@^6.0.1
391 silly fetch manifest pac-resolver@^7.0.1
392 silly fetch manifest @tootallnate/quickjs-emscripten@^0.23.0
393 silly fetch manifest socks@^2.8.3
394 http fetch GET 200 https://registry.npmjs.org/socks 38ms (cache miss)
395 http fetch GET 200 https://registry.npmjs.org/pac-resolver 41ms (cache miss)
396 http fetch GET 200 https://registry.npmjs.org/get-uri 46ms (cache miss)
397 http fetch GET 200 https://registry.npmjs.org/@tootallnate%2fquickjs-emscripten 47ms (cache miss)
398 timing idealTree:node_modules/pm2/node_modules/proxy-agent Completed in 71ms
399 timing idealTree:node_modules/pm2/node_modules/agent-base Completed in 1ms
400 timing idealTree:node_modules/pm2/node_modules/http-proxy-agent Completed in 0ms
401 timing idealTree:node_modules/pm2/node_modules/https-proxy-agent Completed in 0ms
402 timing idealTree:node_modules/pm2/node_modules/lru-cache Completed in 0ms
403 silly placeDep node_modules/pm2 @tootallnate/quickjs-emscripten@0.23.0 OK for: pac-proxy-agent@7.2.0 want: ^0.23.0
404 silly placeDep node_modules/pm2 get-uri@6.0.5 OK for: pac-proxy-agent@7.2.0 want: ^6.0.1
405 silly placeDep node_modules/pm2 pac-resolver@7.0.1 OK for: pac-proxy-agent@7.2.0 want: ^7.0.1
406 silly fetch manifest basic-ftp@^5.0.2
407 silly fetch manifest data-uri-to-buffer@^6.0.2
408 silly fetch manifest netmask@^2.0.2
409 silly fetch manifest degenerator@^5.0.0
410 http fetch GET 200 https://registry.npmjs.org/degenerator 36ms (cache miss)
411 http fetch GET 200 https://registry.npmjs.org/data-uri-to-buffer 44ms (cache miss)
412 http fetch GET 200 https://registry.npmjs.org/netmask 46ms (cache miss)
413 http fetch GET 200 https://registry.npmjs.org/basic-ftp 52ms (cache miss)
414 timing idealTree:node_modules/pm2/node_modules/pac-proxy-agent Completed in 63ms
415 timing idealTree:node_modules/pm2/node_modules/@tootallnate/quickjs-emscripten Completed in 0ms
416 silly placeDep node_modules/pm2 basic-ftp@5.2.0 OK for: get-uri@6.0.5 want: ^5.0.2
417 silly placeDep node_modules/pm2 data-uri-to-buffer@6.0.2 OK for: get-uri@6.0.5 want: ^6.0.2
418 timing idealTree:node_modules/pm2/node_modules/get-uri Completed in 8ms
419 timing idealTree:node_modules/pm2/node_modules/basic-ftp Completed in 0ms
420 timing idealTree:node_modules/pm2/node_modules/data-uri-to-buffer Completed in 0ms
421 silly placeDep node_modules/pm2 degenerator@5.0.1 OK for: pac-resolver@7.0.1 want: ^5.0.0
422 silly placeDep node_modules/pm2 netmask@2.0.2 OK for: pac-resolver@7.0.1 want: ^2.0.2
423 silly fetch manifest esprima@^4.0.1
424 silly fetch manifest ast-types@^0.13.4
425 silly fetch manifest escodegen@^2.1.0
426 http fetch GET 200 https://registry.npmjs.org/escodegen 88ms (cache miss)
427 http fetch GET 200 https://registry.npmjs.org/esprima 93ms (cache miss)
428 http fetch GET 200 https://registry.npmjs.org/ast-types 95ms (cache miss)
429 timing idealTree:node_modules/pm2/node_modules/pac-resolver Completed in 104ms
430 silly placeDep node_modules/pm2 ast-types@0.13.4 OK for: degenerator@5.0.1 want: ^0.13.4
431 silly placeDep node_modules/pm2 escodegen@2.1.0 OK for: degenerator@5.0.1 want: ^2.1.0
432 silly placeDep node_modules/pm2 esprima@4.0.1 OK for: degenerator@5.0.1 want: ^4.0.1
433 silly fetch manifest tslib@^2.0.1
434 silly fetch manifest estraverse@^5.2.0
435 silly fetch manifest esutils@^2.0.2
436 silly fetch manifest source-map@~0.6.1
437 http fetch GET 200 https://registry.npmjs.org/esutils 28ms (cache miss)
438 http fetch GET 200 https://registry.npmjs.org/estraverse 41ms (cache miss)
439 timing idealTree:node_modules/pm2/node_modules/degenerator Completed in 50ms
440 silly placeDep node_modules/pm2/node_modules/ast-types tslib@2.8.1 OK for: ast-types@0.13.4 want: ^2.0.1
441 timing idealTree:node_modules/pm2/node_modules/ast-types Completed in 2ms
442 silly placeDep node_modules/pm2 estraverse@5.3.0 OK for: escodegen@2.1.0 want: ^5.2.0
443 silly placeDep node_modules/pm2 esutils@2.0.3 OK for: escodegen@2.1.0 want: ^2.0.2
444 silly placeDep node_modules/pm2 source-map@0.6.1 OK for: escodegen@2.1.0 want: ~0.6.1
445 timing idealTree:node_modules/pm2/node_modules/escodegen Completed in 5ms
446 timing idealTree:node_modules/pm2/node_modules/esprima Completed in 0ms
447 timing idealTree:node_modules/pm2/node_modules/estraverse Completed in 0ms
448 timing idealTree:node_modules/pm2/node_modules/esutils Completed in 0ms
449 timing idealTree:node_modules/pm2/node_modules/netmask Completed in 0ms
450 timing idealTree:node_modules/pm2/node_modules/proxy-from-env Completed in 0ms
451 silly placeDep node_modules/pm2 mute-stream@0.0.8 OK for: read@1.0.7 want: ~0.0.4
452 timing idealTree:node_modules/pm2/node_modules/read Completed in 2ms
453 timing idealTree:node_modules/pm2/node_modules/mute-stream Completed in 0ms
454 timing idealTree:node_modules/pm2/node_modules/readdirp Completed in 0ms
455 silly placeDep node_modules/pm2 module-details-from-path@1.0.4 OK for: require-in-the-middle@5.2.0 want: ^1.0.3
456 silly placeDep node_modules/pm2 resolve@1.22.11 OK for: require-in-the-middle@5.2.0 want: ^1.22.1
457 silly fetch manifest path-parse@^1.0.7
458 silly fetch manifest is-core-module@^2.16.1
459 silly fetch manifest supports-preserve-symlinks-flag@^1.0.0
460 http fetch GET 200 https://registry.npmjs.org/supports-preserve-symlinks-flag 35ms (cache miss)
461 http fetch GET 200 https://registry.npmjs.org/is-core-module 37ms (cache miss)
462 http fetch GET 200 https://registry.npmjs.org/path-parse 39ms (cache miss)
463 timing idealTree:node_modules/pm2/node_modules/require-in-the-middle Completed in 45ms
464 timing idealTree:node_modules/pm2/node_modules/module-details-from-path Completed in 0ms
465 silly placeDep node_modules/pm2 is-core-module@2.16.1 OK for: resolve@1.22.11 want: ^2.16.1
466 silly placeDep node_modules/pm2 path-parse@1.0.7 OK for: resolve@1.22.11 want: ^1.0.7
467 silly placeDep node_modules/pm2 supports-preserve-symlinks-flag@1.0.0 OK for: resolve@1.22.11 want: ^1.0.0
468 silly fetch manifest hasown@^2.0.2
469 http fetch GET 200 https://registry.npmjs.org/hasown 38ms (cache revalidated)
470 timing idealTree:node_modules/pm2/node_modules/resolve Completed in 44ms
471 silly placeDep node_modules/pm2 hasown@2.0.2 OK for: is-core-module@2.16.1 want: ^2.0.2
472 silly fetch manifest function-bind@^1.1.2
473 http fetch GET 200 https://registry.npmjs.org/function-bind 33ms (cache revalidated)
474 timing idealTree:node_modules/pm2/node_modules/is-core-module Completed in 41ms
475 silly placeDep node_modules/pm2 function-bind@1.1.2 OK for: hasown@2.0.2 want: ^1.1.2
476 timing idealTree:node_modules/pm2/node_modules/hasown Completed in 2ms
477 timing idealTree:node_modules/pm2/node_modules/function-bind Completed in 0ms
478 timing idealTree:node_modules/pm2/node_modules/path-parse Completed in 0ms
479 timing idealTree:node_modules/pm2/node_modules/run-series Completed in 0ms
480 timing idealTree:node_modules/pm2/node_modules/safe-buffer Completed in 0ms
481 timing idealTree:node_modules/pm2/node_modules/safer-buffer Completed in 0ms
482 timing idealTree:node_modules/pm2/node_modules/sax Completed in 0ms
483 timing idealTree:node_modules/pm2/node_modules/semver Completed in 0ms
484 timing idealTree:node_modules/pm2/node_modules/shimmer Completed in 0ms
485 timing idealTree:node_modules/pm2/node_modules/signal-exit Completed in 0ms
486 silly placeDep node_modules/pm2 socks@2.8.7 OK for: socks-proxy-agent@8.0.5 want: ^2.8.3
487 silly fetch manifest ip-address@^10.0.1
488 silly fetch manifest smart-buffer@^4.2.0
489 http fetch GET 200 https://registry.npmjs.org/smart-buffer 38ms (cache miss)
490 http fetch GET 200 https://registry.npmjs.org/ip-address 45ms (cache miss)
491 timing idealTree:node_modules/pm2/node_modules/socks-proxy-agent Completed in 49ms
492 silly placeDep node_modules/pm2 ip-address@10.1.0 OK for: socks@2.8.7 want: ^10.0.1
493 silly placeDep node_modules/pm2 smart-buffer@4.2.0 OK for: socks@2.8.7 want: ^4.2.0
494 timing idealTree:node_modules/pm2/node_modules/socks Completed in 6ms
495 timing idealTree:node_modules/pm2/node_modules/ip-address Completed in 0ms
496 timing idealTree:node_modules/pm2/node_modules/smart-buffer Completed in 0ms
497 timing idealTree:node_modules/pm2/node_modules/source-map Completed in 0ms
498 silly placeDep node_modules/pm2 buffer-from@1.1.2 OK for: source-map-support@0.5.21 want: ^1.0.0
499 timing idealTree:node_modules/pm2/node_modules/source-map-support Completed in 1ms
500 timing idealTree:node_modules/pm2/node_modules/buffer-from Completed in 0ms
501 timing idealTree:node_modules/pm2/node_modules/sprintf-js Completed in 0ms
502 silly placeDep node_modules/pm2 has-flag@4.0.0 OK for: supports-color@7.2.0 want: ^4.0.0
503 timing idealTree:node_modules/pm2/node_modules/supports-color Completed in 1ms
504 timing idealTree:node_modules/pm2/node_modules/has-flag Completed in 0ms
505 timing idealTree:node_modules/pm2/node_modules/supports-preserve-symlinks-flag Completed in 0ms
506 timing idealTree:node_modules/pm2/node_modules/systeminformation Completed in 0ms
507 silly placeDep node_modules/pm2 is-number@7.0.0 OK for: to-regex-range@5.0.1 want: ^7.0.0
508 timing idealTree:node_modules/pm2/node_modules/to-regex-range Completed in 1ms
509 timing idealTree:node_modules/pm2/node_modules/is-number Completed in 0ms
510 timing idealTree:node_modules/pm2/node_modules/tslib Completed in 0ms
511 timing idealTree:node_modules/pm2/node_modules/tv4 Completed in 0ms
512 silly placeDep node_modules/pm2 json-stringify-safe@5.0.1 OK for: tx2@1.0.5 want: ^5.0.1
513 timing idealTree:node_modules/pm2/node_modules/tx2 Completed in 3ms
514 timing idealTree:node_modules/pm2/node_modules/json-stringify-safe Completed in 0ms
515 silly placeDep node_modules/pm2/node_modules/vizion async@2.6.4 OK for: vizion@2.2.1 want: ^2.6.3
516 silly placeDep node_modules/pm2 git-node-fs@1.0.0 OK for: vizion@2.2.1 want: ^1.0.0
517 silly placeDep node_modules/pm2 ini@1.3.8 OK for: vizion@2.2.1 want: ^1.3.5
518 silly placeDep node_modules/pm2 js-git@0.7.8 OK for: vizion@2.2.1 want: ^0.7.8
519 silly fetch manifest bodec@^0.1.0
520 silly fetch manifest culvert@^0.1.2
521 silly fetch manifest git-sha1@^0.1.2
522 silly fetch manifest pako@^0.2.5
523 http fetch GET 200 https://registry.npmjs.org/culvert 35ms (cache miss)
524 http fetch GET 200 https://registry.npmjs.org/bodec 37ms (cache miss)
525 http fetch GET 200 https://registry.npmjs.org/pako 36ms (cache miss)
526 http fetch GET 200 https://registry.npmjs.org/git-sha1 74ms (cache miss)
527 timing idealTree:node_modules/pm2/node_modules/vizion Completed in 81ms
528 timing idealTree:node_modules/pm2/node_modules/git-node-fs Completed in 1ms
529 timing idealTree:node_modules/pm2/node_modules/ini Completed in 0ms
530 silly placeDep node_modules/pm2 bodec@0.1.0 OK for: js-git@0.7.8 want: ^0.1.0
531 silly placeDep node_modules/pm2 culvert@0.1.2 OK for: js-git@0.7.8 want: ^0.1.2
532 silly placeDep node_modules/pm2 git-sha1@0.1.2 OK for: js-git@0.7.8 want: ^0.1.2
533 silly placeDep node_modules/pm2 pako@0.2.9 OK for: js-git@0.7.8 want: ^0.2.5
534 timing idealTree:node_modules/pm2/node_modules/js-git Completed in 13ms
535 timing idealTree:node_modules/pm2/node_modules/bodec Completed in 0ms
536 timing idealTree:node_modules/pm2/node_modules/culvert Completed in 0ms
537 timing idealTree:node_modules/pm2/node_modules/git-sha1 Completed in 0ms
538 timing idealTree:node_modules/pm2/node_modules/pako Completed in 0ms
539 timing idealTree:node_modules/pm2/node_modules/ws Completed in 0ms
540 timing idealTree:node_modules/pm2/node_modules/@pm2/agent/node_modules/dayjs Completed in 0ms
541 timing idealTree:node_modules/pm2/node_modules/@pm2/agent/node_modules/debug Completed in 0ms
542 silly placeDep node_modules/pm2/node_modules/@pm2/agent lru-cache@6.0.0 OK for: semver@7.5.4 want: ^6.0.0
543 silly fetch manifest yallist@^4.0.0
544 http fetch GET 200 https://registry.npmjs.org/yallist 34ms (cache miss)
545 timing idealTree:node_modules/pm2/node_modules/@pm2/agent/node_modules/semver Completed in 41ms
546 silly placeDep node_modules/pm2 yallist@4.0.0 OK for: lru-cache@6.0.0 want: ^4.0.0
547 timing idealTree:node_modules/pm2/node_modules/@pm2/agent/node_modules/lru-cache Completed in 1ms
548 timing idealTree:node_modules/pm2/node_modules/yallist Completed in 0ms
549 silly placeDep node_modules/pm2 lodash@4.17.23 OK for: async@2.6.4 want: ^4.17.14
550 timing idealTree:node_modules/pm2/node_modules/@pm2/io/node_modules/async Completed in 2ms
551 timing idealTree:node_modules/pm2/node_modules/lodash Completed in 0ms
552 timing idealTree:node_modules/pm2/node_modules/@pm2/io/node_modules/debug Completed in 0ms
553 timing idealTree:node_modules/pm2/node_modules/@pm2/io/node_modules/eventemitter2 Completed in 0ms
554 silly placeDep node_modules/pm2/node_modules/@pm2/io lru-cache@6.0.0 OK for: semver@7.5.4 want: ^6.0.0
555 timing idealTree:node_modules/pm2/node_modules/@pm2/io/node_modules/semver Completed in 2ms
556 timing idealTree:node_modules/pm2/node_modules/@pm2/io/node_modules/lru-cache Completed in 0ms
557 timing idealTree:node_modules/pm2/node_modules/@pm2/js-api/node_modules/async Completed in 0ms
558 timing idealTree:node_modules/pm2/node_modules/@pm2/js-api/node_modules/debug Completed in 0ms
559 timing idealTree:node_modules/pm2/node_modules/@pm2/js-api/node_modules/eventemitter2 Completed in 0ms
560 timing idealTree:node_modules/pm2/node_modules/ast-types/node_modules/tslib Completed in 0ms
561 timing idealTree:node_modules/pm2/node_modules/needle/node_modules/debug Completed in 0ms
562 timing idealTree:node_modules/pm2/node_modules/pm2-sysmonit/node_modules/pidusage Completed in 0ms
563 timing idealTree:node_modules/pm2/node_modules/vizion/node_modules/async Completed in 0ms
564 timing idealTree:buildDeps Completed in 2749ms
565 timing idealTree:fixDepFlags Completed in 3ms
566 timing idealTree Completed in 2772ms
567 timing reify:loadTrees Completed in 2776ms
568 timing reify:diffTrees Completed in 7ms
569 silly reify moves {}
570 timing reify:retireShallow Completed in 2ms
571 timing reify:rollback:createSparse Completed in 0ms
572 timing reify:rollback:retireShallow Completed in 0ms
573 timing command:install Completed in 2812ms
574 verbose stack Error: EACCES: permission denied, mkdir '/usr/local/lib/node_modules'
575 verbose cwd /home/ubuntu
576 verbose Linux 6.17.0-1007-aws
577 verbose node v18.19.1
578 verbose npm  v9.2.0
579 error code EACCES
580 error syscall mkdir
581 error path /usr/local/lib/node_modules
582 error errno -13
583 error [Error: EACCES: permission denied, mkdir '/usr/local/lib/node_modules'] {
583 error   errno: -13,
583 error   code: 'EACCES',
583 error   syscall: 'mkdir',
583 error   path: '/usr/local/lib/node_modules'
583 error }
584 error
584 error The operation was rejected by your operating system.
584 error It is likely you do not have the permissions to access this file as the current user
584 error
584 error If you believe this might be a permissions issue, please double-check the
584 error permissions of the file and its containing directories, or try running
584 error the command again as root/Administrator.
585 verbose exit -13
586 timing npm Completed in 2891ms
587 verbose unfinished npm timer reify 1774000929782
588 verbose unfinished npm timer reify:createSparse 1774000932573
589 verbose code -13
590 error A complete log of this run can be found in:
590 error     /home/ubuntu/.npm/_logs/2026-03-20T10_02_09_707Z-debug-0.log
