0 verbose cli /usr/bin/node /usr/bin/npm
1 info using npm@9.2.0
2 info using node@v18.19.1
3 timing npm:load:whichnode Completed in 0ms
4 timing config:load:defaults Completed in 3ms
5 timing config:load:file:/usr/share/nodejs/npm/npmrc Completed in 3ms
6 timing config:load:builtin Completed in 3ms
7 timing config:load:cli Completed in 2ms
8 timing config:load:env Completed in 1ms
9 timing config:load:project Completed in 1ms
10 timing config:load:file:/home/ubuntu/.npmrc Completed in 0ms
11 timing config:load:user Completed in 1ms
12 timing config:load:file:/etc/npmrc Completed in 0ms
13 timing config:load:global Completed in 0ms
14 timing config:load:setEnvs Completed in 2ms
15 timing config:load Completed in 14ms
16 timing npm:load:configload Completed in 14ms
17 timing npm:load:mkdirpcache Completed in 1ms
18 timing npm:load:mkdirplogs Completed in 0ms
19 verbose title npm install express
20 verbose argv "install" "express"
21 timing npm:load:setTitle Completed in 2ms
22 timing config:load:flatten Completed in 5ms
23 timing npm:load:display Completed in 6ms
24 verbose logfile logs-max:10 dir:/home/ubuntu/.npm/_logs/2026-03-19T12_03_20_408Z-
25 verbose logfile /home/ubuntu/.npm/_logs/2026-03-19T12_03_20_408Z-debug-0.log
26 timing npm:load:logFile Completed in 10ms
27 timing npm:load:timers Completed in 0ms
28 timing npm:load:configScope Completed in 0ms
29 timing npm:load Completed in 34ms
30 timing config:load:flatten Completed in 1ms
31 timing arborist:ctor Completed in 1ms
32 silly logfile done cleaning log files
33 timing idealTree:init Completed in 43ms
34 timing idealTree:userRequests Completed in 2ms
35 silly idealTree buildDeps
36 silly fetch manifest express@*
37 timing arborist:ctor Completed in 0ms
38 http fetch GET 200 https://registry.npmjs.org/express 176ms (cache miss)
39 silly placeDep ROOT express@5.2.1 OK for: ubuntu@1.0.0 want: *
40 silly fetch manifest qs@^6.14.0
41 silly fetch manifest depd@^2.0.0
42 silly fetch manifest etag@^1.8.1
43 silly fetch manifest once@^1.4.0
44 silly fetch manifest send@^1.1.0
45 silly fetch manifest vary@^1.1.2
46 silly fetch manifest debug@^4.4.0
47 silly fetch manifest fresh@^2.0.0
48 silly fetch manifest cookie@^0.7.1
49 silly fetch manifest router@^2.2.0
50 silly fetch manifest accepts@^2.0.0
51 silly fetch manifest type-is@^2.0.1
52 silly fetch manifest parseurl@^1.3.3
53 silly fetch manifest statuses@^2.0.1
54 silly fetch manifest encodeurl@^2.0.0
55 silly fetch manifest mime-types@^3.0.0
56 silly fetch manifest proxy-addr@^2.0.7
57 silly fetch manifest body-parser@^2.2.1
58 silly fetch manifest escape-html@^1.0.3
59 silly fetch manifest http-errors@^2.0.0
60 silly fetch manifest on-finished@^2.4.1
61 silly fetch manifest content-type@^1.0.5
62 silly fetch manifest finalhandler@^2.1.0
63 silly fetch manifest range-parser@^1.2.1
64 silly fetch manifest serve-static@^2.2.0
65 silly fetch manifest cookie-signature@^1.2.1
66 silly fetch manifest merge-descriptors@^2.0.0
67 silly fetch manifest content-disposition@^1.0.0
68 http fetch GET 200 https://registry.npmjs.org/fresh 266ms (cache miss)
69 http fetch GET 200 https://registry.npmjs.org/vary 272ms (cache miss)
70 http fetch GET 200 https://registry.npmjs.org/encodeurl 267ms (cache miss)
71 http fetch GET 200 https://registry.npmjs.org/once 274ms (cache miss)
72 http fetch GET 200 https://registry.npmjs.org/etag 275ms (cache miss)
73 http fetch GET 200 https://registry.npmjs.org/qs 286ms (cache miss)
74 http fetch GET 200 https://registry.npmjs.org/parseurl 283ms (cache miss)
75 http fetch GET 200 https://registry.npmjs.org/content-type 278ms (cache miss)
76 http fetch GET 200 https://registry.npmjs.org/on-finished 280ms (cache miss)
77 http fetch GET 200 https://registry.npmjs.org/merge-descriptors 273ms (cache miss)
78 http fetch GET 200 https://registry.npmjs.org/statuses 285ms (cache miss)
79 http fetch GET 200 https://registry.npmjs.org/accepts 287ms (cache miss)
80 http fetch GET 200 https://registry.npmjs.org/depd 294ms (cache miss)
81 http fetch GET 200 https://registry.npmjs.org/escape-html 285ms (cache miss)
82 http fetch GET 200 https://registry.npmjs.org/content-disposition 279ms (cache miss)
83 http fetch GET 200 https://registry.npmjs.org/range-parser 285ms (cache miss)
84 http fetch GET 200 https://registry.npmjs.org/cookie 294ms (cache miss)
85 http fetch GET 200 https://registry.npmjs.org/mime-types 294ms (cache miss)
86 http fetch GET 200 https://registry.npmjs.org/type-is 297ms (cache miss)
87 http fetch GET 200 https://registry.npmjs.org/http-errors 295ms (cache miss)
88 http fetch GET 200 https://registry.npmjs.org/cookie-signature 291ms (cache miss)
89 http fetch GET 200 https://registry.npmjs.org/proxy-addr 299ms (cache miss)
90 http fetch GET 200 https://registry.npmjs.org/finalhandler 297ms (cache miss)
91 http fetch GET 200 https://registry.npmjs.org/send 308ms (cache miss)
92 http fetch GET 200 https://registry.npmjs.org/serve-static 299ms (cache miss)
93 http fetch GET 200 https://registry.npmjs.org/debug 312ms (cache miss)
94 http fetch GET 200 https://registry.npmjs.org/body-parser 311ms (cache miss)
95 http fetch GET 200 https://registry.npmjs.org/router 317ms (cache miss)
96 timing idealTree:#root Completed in 521ms
97 silly placeDep ROOT accepts@2.0.0 OK for: express@5.2.1 want: ^2.0.0
98 silly placeDep ROOT body-parser@2.2.2 OK for: express@5.2.1 want: ^2.2.1
99 silly placeDep ROOT content-disposition@1.0.1 OK for: express@5.2.1 want: ^1.0.0
100 silly placeDep ROOT content-type@1.0.5 OK for: express@5.2.1 want: ^1.0.5
101 silly placeDep ROOT cookie@0.7.2 OK for: express@5.2.1 want: ^0.7.1
102 silly placeDep ROOT cookie-signature@1.2.2 OK for: express@5.2.1 want: ^1.2.1
103 silly placeDep ROOT debug@4.4.3 OK for: express@5.2.1 want: ^4.4.0
104 silly placeDep ROOT depd@2.0.0 OK for: express@5.2.1 want: ^2.0.0
105 silly placeDep ROOT encodeurl@2.0.0 OK for: express@5.2.1 want: ^2.0.0
106 silly placeDep ROOT escape-html@1.0.3 OK for: express@5.2.1 want: ^1.0.3
107 silly placeDep ROOT etag@1.8.1 OK for: express@5.2.1 want: ^1.8.1
108 silly placeDep ROOT finalhandler@2.1.1 OK for: express@5.2.1 want: ^2.1.0
109 silly placeDep ROOT fresh@2.0.0 OK for: express@5.2.1 want: ^2.0.0
110 silly placeDep ROOT http-errors@2.0.1 OK for: express@5.2.1 want: ^2.0.0
111 silly placeDep ROOT merge-descriptors@2.0.0 OK for: express@5.2.1 want: ^2.0.0
112 silly placeDep ROOT mime-types@3.0.2 OK for: express@5.2.1 want: ^3.0.0
113 silly placeDep ROOT on-finished@2.4.1 OK for: express@5.2.1 want: ^2.4.1
114 silly placeDep ROOT once@1.4.0 OK for: express@5.2.1 want: ^1.4.0
115 silly placeDep ROOT parseurl@1.3.3 OK for: express@5.2.1 want: ^1.3.3
116 silly placeDep ROOT proxy-addr@2.0.7 OK for: express@5.2.1 want: ^2.0.7
117 silly placeDep ROOT qs@6.15.0 OK for: express@5.2.1 want: ^6.14.0
118 silly placeDep ROOT range-parser@1.2.1 OK for: express@5.2.1 want: ^1.2.1
119 silly placeDep ROOT router@2.2.0 OK for: express@5.2.1 want: ^2.2.0
120 silly placeDep ROOT send@1.2.1 OK for: express@5.2.1 want: ^1.1.0
121 silly placeDep ROOT serve-static@2.2.1 OK for: express@5.2.1 want: ^2.2.0
122 silly placeDep ROOT statuses@2.0.2 OK for: express@5.2.1 want: ^2.0.1
123 silly placeDep ROOT type-is@2.0.1 OK for: express@5.2.1 want: ^2.0.1
124 silly placeDep ROOT vary@1.1.2 OK for: express@5.2.1 want: ^1.1.2
125 silly fetch manifest negotiator@^1.0.0
126 silly fetch manifest bytes@^3.1.2
127 silly fetch manifest raw-body@^3.0.1
128 silly fetch manifest ms@^2.1.3
129 silly fetch manifest inherits@~2.0.4
130 silly fetch manifest setprototypeof@~1.2.0
131 silly fetch manifest toidentifier@~1.0.1
132 silly fetch manifest mime-db@^1.54.0
133 silly fetch manifest ee-first@1.1.1
134 silly fetch manifest wrappy@1
135 silly fetch manifest forwarded@0.2.0
136 silly fetch manifest ipaddr.js@1.9.1
137 silly fetch manifest side-channel@^1.1.0
138 silly fetch manifest is-promise@^4.0.0
139 silly fetch manifest path-to-regexp@^8.0.0
140 silly fetch manifest media-typer@^1.1.0
141 http fetch GET 200 https://registry.npmjs.org/wrappy 124ms (cache miss)
142 http fetch GET 200 https://registry.npmjs.org/ee-first 126ms (cache miss)
143 http fetch GET 200 https://registry.npmjs.org/inherits 132ms (cache miss)
144 http fetch GET 200 https://registry.npmjs.org/forwarded 128ms (cache miss)
145 http fetch GET 200 https://registry.npmjs.org/setprototypeof 132ms (cache miss)
146 http fetch GET 200 https://registry.npmjs.org/toidentifier 132ms (cache miss)
147 http fetch GET 200 https://registry.npmjs.org/side-channel 128ms (cache miss)
148 http fetch GET 200 https://registry.npmjs.org/media-typer 125ms (cache miss)
149 http fetch GET 200 https://registry.npmjs.org/bytes 141ms (cache miss)
150 http fetch GET 200 https://registry.npmjs.org/negotiator 142ms (cache miss)
151 http fetch GET 200 https://registry.npmjs.org/path-to-regexp 129ms (cache miss)
152 http fetch GET 200 https://registry.npmjs.org/is-promise 131ms (cache miss)
153 http fetch GET 200 https://registry.npmjs.org/ms 143ms (cache miss)
154 http fetch GET 200 https://registry.npmjs.org/raw-body 145ms (cache miss)
155 http fetch GET 200 https://registry.npmjs.org/mime-db 142ms (cache miss)
156 http fetch GET 200 https://registry.npmjs.org/ipaddr.js 187ms (cache miss)
157 timing idealTree:node_modules/express Completed in 252ms
158 silly placeDep ROOT negotiator@1.0.0 OK for: accepts@2.0.0 want: ^1.0.0
159 timing idealTree:node_modules/accepts Completed in 3ms
160 silly placeDep ROOT bytes@3.1.2 OK for: body-parser@2.2.2 want: ^3.1.2
161 silly placeDep ROOT raw-body@3.0.2 OK for: body-parser@2.2.2 want: ^3.0.1
162 silly fetch manifest unpipe@~1.0.0
163 http fetch GET 200 https://registry.npmjs.org/unpipe 33ms (cache miss)
164 timing idealTree:node_modules/body-parser Completed in 40ms
165 timing idealTree:node_modules/bytes Completed in 0ms
166 timing idealTree:node_modules/content-disposition Completed in 0ms
167 timing idealTree:node_modules/content-type Completed in 0ms
168 timing idealTree:node_modules/cookie Completed in 0ms
169 timing idealTree:node_modules/cookie-signature Completed in 0ms
170 silly placeDep ROOT ms@2.1.3 OK for: debug@4.4.3 want: ^2.1.3
171 timing idealTree:node_modules/debug Completed in 1ms
172 timing idealTree:node_modules/depd Completed in 0ms
173 timing idealTree:node_modules/encodeurl Completed in 0ms
174 timing idealTree:node_modules/escape-html Completed in 0ms
175 timing idealTree:node_modules/etag Completed in 0ms
176 timing idealTree:node_modules/finalhandler Completed in 0ms
177 timing idealTree:node_modules/fresh Completed in 0ms
178 silly placeDep ROOT inherits@2.0.4 OK for: http-errors@2.0.1 want: ~2.0.4
179 silly placeDep ROOT setprototypeof@1.2.0 OK for: http-errors@2.0.1 want: ~1.2.0
180 silly placeDep ROOT toidentifier@1.0.1 OK for: http-errors@2.0.1 want: ~1.0.1
181 timing idealTree:node_modules/http-errors Completed in 5ms
182 timing idealTree:node_modules/inherits Completed in 0ms
183 timing idealTree:node_modules/merge-descriptors Completed in 0ms
184 silly placeDep ROOT mime-db@1.54.0 OK for: mime-types@3.0.2 want: ^1.54.0
185 timing idealTree:node_modules/mime-types Completed in 2ms
186 timing idealTree:node_modules/mime-db Completed in 0ms
187 timing idealTree:node_modules/ms Completed in 0ms
188 timing idealTree:node_modules/negotiator Completed in 0ms
189 silly placeDep ROOT ee-first@1.1.1 OK for: on-finished@2.4.1 want: 1.1.1
190 timing idealTree:node_modules/on-finished Completed in 1ms
191 timing idealTree:node_modules/ee-first Completed in 0ms
192 silly placeDep ROOT wrappy@1.0.2 OK for: once@1.4.0 want: 1
193 timing idealTree:node_modules/once Completed in 4ms
194 timing idealTree:node_modules/parseurl Completed in 0ms
195 silly placeDep ROOT forwarded@0.2.0 OK for: proxy-addr@2.0.7 want: 0.2.0
196 silly placeDep ROOT ipaddr.js@1.9.1 OK for: proxy-addr@2.0.7 want: 1.9.1
197 timing idealTree:node_modules/proxy-addr Completed in 2ms
198 timing idealTree:node_modules/forwarded Completed in 0ms
199 timing idealTree:node_modules/ipaddr.js Completed in 0ms
200 silly placeDep ROOT side-channel@1.1.0 OK for: qs@6.15.0 want: ^1.1.0
201 silly fetch manifest es-errors@^1.3.0
202 silly fetch manifest object-inspect@^1.13.3
203 silly fetch manifest side-channel-list@^1.0.0
204 silly fetch manifest side-channel-map@^1.0.1
205 silly fetch manifest side-channel-weakmap@^1.0.2
206 http fetch GET 200 https://registry.npmjs.org/es-errors 48ms (cache miss)
207 http fetch GET 200 https://registry.npmjs.org/side-channel-map 46ms (cache miss)
208 http fetch GET 200 https://registry.npmjs.org/side-channel-list 48ms (cache miss)
209 http fetch GET 200 https://registry.npmjs.org/object-inspect 49ms (cache miss)
210 http fetch GET 200 https://registry.npmjs.org/side-channel-weakmap 87ms (cache miss)
211 timing idealTree:node_modules/qs Completed in 93ms
212 timing idealTree:node_modules/range-parser Completed in 0ms
213 silly placeDep ROOT unpipe@1.0.0 OK for: raw-body@3.0.2 want: ~1.0.0
214 timing idealTree:node_modules/raw-body Completed in 4ms
215 silly placeDep ROOT is-promise@4.0.0 OK for: router@2.2.0 want: ^4.0.0
216 silly placeDep ROOT path-to-regexp@8.3.0 OK for: router@2.2.0 want: ^8.0.0
217 timing idealTree:node_modules/router Completed in 8ms
218 timing idealTree:node_modules/is-promise Completed in 0ms
219 timing idealTree:node_modules/path-to-regexp Completed in 0ms
220 timing idealTree:node_modules/send Completed in 0ms
221 timing idealTree:node_modules/serve-static Completed in 0ms
222 timing idealTree:node_modules/setprototypeof Completed in 0ms
223 silly placeDep ROOT es-errors@1.3.0 OK for: side-channel@1.1.0 want: ^1.3.0
224 silly placeDep ROOT object-inspect@1.13.4 OK for: side-channel@1.1.0 want: ^1.13.3
225 silly placeDep ROOT side-channel-list@1.0.0 OK for: side-channel@1.1.0 want: ^1.0.0
226 silly placeDep ROOT side-channel-map@1.0.1 OK for: side-channel@1.1.0 want: ^1.0.1
227 silly placeDep ROOT side-channel-weakmap@1.0.2 OK for: side-channel@1.1.0 want: ^1.0.2
228 silly fetch manifest call-bound@^1.0.2
229 silly fetch manifest get-intrinsic@^1.2.5
230 http fetch GET 200 https://registry.npmjs.org/call-bound 57ms (cache miss)
231 http fetch GET 200 https://registry.npmjs.org/get-intrinsic 63ms (cache miss)
232 timing idealTree:node_modules/side-channel Completed in 79ms
233 timing idealTree:node_modules/es-errors Completed in 0ms
234 timing idealTree:node_modules/object-inspect Completed in 0ms
235 timing idealTree:node_modules/side-channel-list Completed in 1ms
236 silly placeDep ROOT call-bound@1.0.4 OK for: side-channel-map@1.0.1 want: ^1.0.2
237 silly placeDep ROOT get-intrinsic@1.3.0 OK for: side-channel-map@1.0.1 want: ^1.2.5
238 silly fetch manifest call-bind-apply-helpers@^1.0.2
239 silly fetch manifest gopd@^1.2.0
240 silly fetch manifest hasown@^2.0.2
241 silly fetch manifest get-proto@^1.0.1
242 silly fetch manifest has-symbols@^1.1.0
243 silly fetch manifest function-bind@^1.1.2
244 silly fetch manifest es-object-atoms@^1.1.1
245 silly fetch manifest math-intrinsics@^1.1.0
246 silly fetch manifest es-define-property@^1.0.1
247 http fetch GET 200 https://registry.npmjs.org/get-proto 105ms (cache miss)
248 http fetch GET 200 https://registry.npmjs.org/gopd 110ms (cache miss)
249 http fetch GET 200 https://registry.npmjs.org/es-object-atoms 107ms (cache miss)
250 http fetch GET 200 https://registry.npmjs.org/has-symbols 110ms (cache miss)
251 http fetch GET 200 https://registry.npmjs.org/call-bind-apply-helpers 115ms (cache miss)
252 http fetch GET 200 https://registry.npmjs.org/es-define-property 106ms (cache miss)
253 http fetch GET 200 https://registry.npmjs.org/function-bind 111ms (cache miss)
254 http fetch GET 200 https://registry.npmjs.org/hasown 114ms (cache miss)
255 http fetch GET 200 https://registry.npmjs.org/math-intrinsics 108ms (cache miss)
256 timing idealTree:node_modules/side-channel-map Completed in 121ms
257 silly placeDep ROOT call-bind-apply-helpers@1.0.2 OK for: call-bound@1.0.4 want: ^1.0.2
258 timing idealTree:node_modules/call-bound Completed in 2ms
259 silly placeDep ROOT function-bind@1.1.2 OK for: call-bind-apply-helpers@1.0.2 want: ^1.1.2
260 timing idealTree:node_modules/call-bind-apply-helpers Completed in 6ms
261 timing idealTree:node_modules/function-bind Completed in 0ms
262 silly placeDep ROOT es-define-property@1.0.1 OK for: get-intrinsic@1.3.0 want: ^1.0.1
263 silly placeDep ROOT es-object-atoms@1.1.1 OK for: get-intrinsic@1.3.0 want: ^1.1.1
264 silly placeDep ROOT get-proto@1.0.1 OK for: get-intrinsic@1.3.0 want: ^1.0.1
265 silly placeDep ROOT gopd@1.2.0 OK for: get-intrinsic@1.3.0 want: ^1.2.0
266 silly placeDep ROOT has-symbols@1.1.0 OK for: get-intrinsic@1.3.0 want: ^1.1.0
267 silly placeDep ROOT hasown@2.0.2 OK for: get-intrinsic@1.3.0 want: ^2.0.2
268 silly placeDep ROOT math-intrinsics@1.1.0 OK for: get-intrinsic@1.3.0 want: ^1.1.0
269 silly fetch manifest dunder-proto@^1.0.1
270 http fetch GET 200 https://registry.npmjs.org/dunder-proto 160ms (cache miss)
271 timing idealTree:node_modules/get-intrinsic Completed in 177ms
272 timing idealTree:node_modules/es-define-property Completed in 0ms
273 timing idealTree:node_modules/es-object-atoms Completed in 0ms
274 silly placeDep ROOT dunder-proto@1.0.1 OK for: get-proto@1.0.1 want: ^1.0.1
275 timing idealTree:node_modules/get-proto Completed in 3ms
276 timing idealTree:node_modules/dunder-proto Completed in 0ms
277 timing idealTree:node_modules/gopd Completed in 0ms
278 timing idealTree:node_modules/has-symbols Completed in 0ms
279 timing idealTree:node_modules/hasown Completed in 0ms
280 timing idealTree:node_modules/math-intrinsics Completed in 0ms
281 timing idealTree:node_modules/side-channel-weakmap Completed in 1ms
282 timing idealTree:node_modules/statuses Completed in 0ms
283 timing idealTree:node_modules/toidentifier Completed in 0ms
284 silly placeDep ROOT media-typer@1.1.0 OK for: type-is@2.0.1 want: ^1.1.0
285 timing idealTree:node_modules/type-is Completed in 1ms
286 timing idealTree:node_modules/media-typer Completed in 0ms
287 timing idealTree:node_modules/unpipe Completed in 0ms
288 timing idealTree:node_modules/vary Completed in 0ms
289 timing idealTree:node_modules/wrappy Completed in 0ms
290 timing idealTree:buildDeps Completed in 1335ms
291 timing idealTree:fixDepFlags Completed in 2ms
292 timing idealTree Completed in 1385ms
293 timing reify:loadTrees Completed in 1387ms
294 timing reify:diffTrees Completed in 4ms
295 silly reify moves {}
296 timing reify:retireShallow Completed in 2ms
297 timing reify:createSparse Completed in 7ms
298 timing reify:loadBundles Completed in 0ms
299 silly audit bulk request {
299 silly audit   '@types/node': [ '25.5.0' ],
299 silly audit   'aws-ssl-profiles': [ '1.1.2' ],
299 silly audit   denque: [ '2.1.0' ],
299 silly audit   'generate-function': [ '2.3.1' ],
299 silly audit   'iconv-lite': [ '0.7.2' ],
299 silly audit   'is-property': [ '1.0.2' ],
299 silly audit   long: [ '5.3.2' ],
299 silly audit   'lru.min': [ '1.1.4' ],
299 silly audit   mysql2: [ '3.20.0' ],
299 silly audit   'named-placeholders': [ '1.1.6' ],
299 silly audit   'safer-buffer': [ '2.1.2' ],
299 silly audit   'sql-escaper': [ '1.3.3' ],
299 silly audit   'undici-types': [ '7.18.2' ],
299 silly audit   express: [ '5.2.1' ],
299 silly audit   accepts: [ '2.0.0' ],
299 silly audit   'body-parser': [ '2.2.2' ],
299 silly audit   'content-disposition': [ '1.0.1' ],
299 silly audit   'content-type': [ '1.0.5' ],
299 silly audit   cookie: [ '0.7.2' ],
299 silly audit   'cookie-signature': [ '1.2.2' ],
299 silly audit   debug: [ '4.4.3' ],
299 silly audit   depd: [ '2.0.0' ],
299 silly audit   encodeurl: [ '2.0.0' ],
299 silly audit   'escape-html': [ '1.0.3' ],
299 silly audit   etag: [ '1.8.1' ],
299 silly audit   finalhandler: [ '2.1.1' ],
299 silly audit   fresh: [ '2.0.0' ],
299 silly audit   'http-errors': [ '2.0.1' ],
299 silly audit   'merge-descriptors': [ '2.0.0' ],
299 silly audit   'mime-types': [ '3.0.2' ],
299 silly audit   'on-finished': [ '2.4.1' ],
299 silly audit   once: [ '1.4.0' ],
299 silly audit   parseurl: [ '1.3.3' ],
299 silly audit   'proxy-addr': [ '2.0.7' ],
299 silly audit   qs: [ '6.15.0' ],
299 silly audit   'range-parser': [ '1.2.1' ],
299 silly audit   router: [ '2.2.0' ],
299 silly audit   send: [ '1.2.1' ],
299 silly audit   'serve-static': [ '2.2.1' ],
299 silly audit   statuses: [ '2.0.2' ],
299 silly audit   'type-is': [ '2.0.1' ],
299 silly audit   vary: [ '1.1.2' ],
299 silly audit   negotiator: [ '1.0.0' ],
299 silly audit   bytes: [ '3.1.2' ],
299 silly audit   'raw-body': [ '3.0.2' ],
299 silly audit   ms: [ '2.1.3' ],
299 silly audit   inherits: [ '2.0.4' ],
299 silly audit   setprototypeof: [ '1.2.0' ],
299 silly audit   toidentifier: [ '1.0.1' ],
299 silly audit   'mime-db': [ '1.54.0' ],
299 silly audit   'ee-first': [ '1.1.1' ],
299 silly audit   wrappy: [ '1.0.2' ],
299 silly audit   forwarded: [ '0.2.0' ],
299 silly audit   'ipaddr.js': [ '1.9.1' ],
299 silly audit   'side-channel': [ '1.1.0' ],
299 silly audit   unpipe: [ '1.0.0' ],
299 silly audit   'is-promise': [ '4.0.0' ],
299 silly audit   'path-to-regexp': [ '8.3.0' ],
299 silly audit   'es-errors': [ '1.3.0' ],
299 silly audit   'object-inspect': [ '1.13.4' ],
299 silly audit   'side-channel-list': [ '1.0.0' ],
299 silly audit   'side-channel-map': [ '1.0.1' ],
299 silly audit   'side-channel-weakmap': [ '1.0.2' ],
299 silly audit   'call-bound': [ '1.0.4' ],
299 silly audit   'get-intrinsic': [ '1.3.0' ],
299 silly audit   'call-bind-apply-helpers': [ '1.0.2' ],
299 silly audit   'function-bind': [ '1.1.2' ],
299 silly audit   'es-define-property': [ '1.0.1' ],
299 silly audit   'es-object-atoms': [ '1.1.1' ],
299 silly audit   'get-proto': [ '1.0.1' ],
299 silly audit   gopd: [ '1.2.0' ],
299 silly audit   'has-symbols': [ '1.1.0' ],
299 silly audit   hasown: [ '2.0.2' ],
299 silly audit   'math-intrinsics': [ '1.1.0' ],
299 silly audit   'dunder-proto': [ '1.0.1' ],
299 silly audit   'media-typer': [ '1.1.0' ]
299 silly audit }
300 silly tarball no local data for media-typer@https://registry.npmjs.org/media-typer/-/media-typer-1.1.0.tgz. Extracting by manifest.
301 silly tarball no local data for hasown@https://registry.npmjs.org/hasown/-/hasown-2.0.2.tgz. Extracting by manifest.
302 silly tarball no local data for math-intrinsics@https://registry.npmjs.org/math-intrinsics/-/math-intrinsics-1.1.0.tgz. Extracting by manifest.
303 silly tarball no local data for has-symbols@https://registry.npmjs.org/has-symbols/-/has-symbols-1.1.0.tgz. Extracting by manifest.
304 silly tarball no local data for gopd@https://registry.npmjs.org/gopd/-/gopd-1.2.0.tgz. Extracting by manifest.
305 silly tarball no local data for get-proto@https://registry.npmjs.org/get-proto/-/get-proto-1.0.1.tgz. Extracting by manifest.
306 silly tarball no local data for dunder-proto@https://registry.npmjs.org/dunder-proto/-/dunder-proto-1.0.1.tgz. Extracting by manifest.
307 silly tarball no local data for es-object-atoms@https://registry.npmjs.org/es-object-atoms/-/es-object-atoms-1.1.1.tgz. Extracting by manifest.
308 silly tarball no local data for es-define-property@https://registry.npmjs.org/es-define-property/-/es-define-property-1.0.1.tgz. Extracting by manifest.
309 silly tarball no local data for function-bind@https://registry.npmjs.org/function-bind/-/function-bind-1.1.2.tgz. Extracting by manifest.
310 silly tarball no local data for call-bind-apply-helpers@https://registry.npmjs.org/call-bind-apply-helpers/-/call-bind-apply-helpers-1.0.2.tgz. Extracting by manifest.
311 silly tarball no local data for get-intrinsic@https://registry.npmjs.org/get-intrinsic/-/get-intrinsic-1.3.0.tgz. Extracting by manifest.
312 silly tarball no local data for call-bound@https://registry.npmjs.org/call-bound/-/call-bound-1.0.4.tgz. Extracting by manifest.
313 silly tarball no local data for side-channel-weakmap@https://registry.npmjs.org/side-channel-weakmap/-/side-channel-weakmap-1.0.2.tgz. Extracting by manifest.
314 silly tarball no local data for side-channel-map@https://registry.npmjs.org/side-channel-map/-/side-channel-map-1.0.1.tgz. Extracting by manifest.
315 silly tarball no local data for side-channel-list@https://registry.npmjs.org/side-channel-list/-/side-channel-list-1.0.0.tgz. Extracting by manifest.
316 silly tarball no local data for object-inspect@https://registry.npmjs.org/object-inspect/-/object-inspect-1.13.4.tgz. Extracting by manifest.
317 silly tarball no local data for es-errors@https://registry.npmjs.org/es-errors/-/es-errors-1.3.0.tgz. Extracting by manifest.
318 silly tarball no local data for path-to-regexp@https://registry.npmjs.org/path-to-regexp/-/path-to-regexp-8.3.0.tgz. Extracting by manifest.
319 silly tarball no local data for is-promise@https://registry.npmjs.org/is-promise/-/is-promise-4.0.0.tgz. Extracting by manifest.
320 silly tarball no local data for unpipe@https://registry.npmjs.org/unpipe/-/unpipe-1.0.0.tgz. Extracting by manifest.
321 silly tarball no local data for side-channel@https://registry.npmjs.org/side-channel/-/side-channel-1.1.0.tgz. Extracting by manifest.
322 silly tarball no local data for ipaddr.js@https://registry.npmjs.org/ipaddr.js/-/ipaddr.js-1.9.1.tgz. Extracting by manifest.
323 silly tarball no local data for forwarded@https://registry.npmjs.org/forwarded/-/forwarded-0.2.0.tgz. Extracting by manifest.
324 silly tarball no local data for wrappy@https://registry.npmjs.org/wrappy/-/wrappy-1.0.2.tgz. Extracting by manifest.
325 silly tarball no local data for ee-first@https://registry.npmjs.org/ee-first/-/ee-first-1.1.1.tgz. Extracting by manifest.
326 silly tarball no local data for mime-db@https://registry.npmjs.org/mime-db/-/mime-db-1.54.0.tgz. Extracting by manifest.
327 silly tarball no local data for toidentifier@https://registry.npmjs.org/toidentifier/-/toidentifier-1.0.1.tgz. Extracting by manifest.
328 silly tarball no local data for setprototypeof@https://registry.npmjs.org/setprototypeof/-/setprototypeof-1.2.0.tgz. Extracting by manifest.
329 silly tarball no local data for inherits@https://registry.npmjs.org/inherits/-/inherits-2.0.4.tgz. Extracting by manifest.
330 silly tarball no local data for ms@https://registry.npmjs.org/ms/-/ms-2.1.3.tgz. Extracting by manifest.
331 silly tarball no local data for raw-body@https://registry.npmjs.org/raw-body/-/raw-body-3.0.2.tgz. Extracting by manifest.
332 silly tarball no local data for bytes@https://registry.npmjs.org/bytes/-/bytes-3.1.2.tgz. Extracting by manifest.
333 silly tarball no local data for negotiator@https://registry.npmjs.org/negotiator/-/negotiator-1.0.0.tgz. Extracting by manifest.
334 silly tarball no local data for vary@https://registry.npmjs.org/vary/-/vary-1.1.2.tgz. Extracting by manifest.
335 silly tarball no local data for type-is@https://registry.npmjs.org/type-is/-/type-is-2.0.1.tgz. Extracting by manifest.
336 silly tarball no local data for statuses@https://registry.npmjs.org/statuses/-/statuses-2.0.2.tgz. Extracting by manifest.
337 silly tarball no local data for serve-static@https://registry.npmjs.org/serve-static/-/serve-static-2.2.1.tgz. Extracting by manifest.
338 silly tarball no local data for send@https://registry.npmjs.org/send/-/send-1.2.1.tgz. Extracting by manifest.
339 silly tarball no local data for router@https://registry.npmjs.org/router/-/router-2.2.0.tgz. Extracting by manifest.
340 silly tarball no local data for range-parser@https://registry.npmjs.org/range-parser/-/range-parser-1.2.1.tgz. Extracting by manifest.
341 silly tarball no local data for qs@https://registry.npmjs.org/qs/-/qs-6.15.0.tgz. Extracting by manifest.
342 silly tarball no local data for proxy-addr@https://registry.npmjs.org/proxy-addr/-/proxy-addr-2.0.7.tgz. Extracting by manifest.
343 silly tarball no local data for parseurl@https://registry.npmjs.org/parseurl/-/parseurl-1.3.3.tgz. Extracting by manifest.
344 silly tarball no local data for once@https://registry.npmjs.org/once/-/once-1.4.0.tgz. Extracting by manifest.
345 silly tarball no local data for on-finished@https://registry.npmjs.org/on-finished/-/on-finished-2.4.1.tgz. Extracting by manifest.
346 silly tarball no local data for mime-types@https://registry.npmjs.org/mime-types/-/mime-types-3.0.2.tgz. Extracting by manifest.
347 silly tarball no local data for merge-descriptors@https://registry.npmjs.org/merge-descriptors/-/merge-descriptors-2.0.0.tgz. Extracting by manifest.
348 silly tarball no local data for http-errors@https://registry.npmjs.org/http-errors/-/http-errors-2.0.1.tgz. Extracting by manifest.
349 silly tarball no local data for fresh@https://registry.npmjs.org/fresh/-/fresh-2.0.0.tgz. Extracting by manifest.
350 silly tarball no local data for finalhandler@https://registry.npmjs.org/finalhandler/-/finalhandler-2.1.1.tgz. Extracting by manifest.
351 silly tarball no local data for etag@https://registry.npmjs.org/etag/-/etag-1.8.1.tgz. Extracting by manifest.
352 silly tarball no local data for escape-html@https://registry.npmjs.org/escape-html/-/escape-html-1.0.3.tgz. Extracting by manifest.
353 silly tarball no local data for encodeurl@https://registry.npmjs.org/encodeurl/-/encodeurl-2.0.0.tgz. Extracting by manifest.
354 silly tarball no local data for depd@https://registry.npmjs.org/depd/-/depd-2.0.0.tgz. Extracting by manifest.
355 silly tarball no local data for debug@https://registry.npmjs.org/debug/-/debug-4.4.3.tgz. Extracting by manifest.
356 silly tarball no local data for cookie-signature@https://registry.npmjs.org/cookie-signature/-/cookie-signature-1.2.2.tgz. Extracting by manifest.
357 silly tarball no local data for cookie@https://registry.npmjs.org/cookie/-/cookie-0.7.2.tgz. Extracting by manifest.
358 silly tarball no local data for content-type@https://registry.npmjs.org/content-type/-/content-type-1.0.5.tgz. Extracting by manifest.
359 silly tarball no local data for content-disposition@https://registry.npmjs.org/content-disposition/-/content-disposition-1.0.1.tgz. Extracting by manifest.
360 silly tarball no local data for body-parser@https://registry.npmjs.org/body-parser/-/body-parser-2.2.2.tgz. Extracting by manifest.
361 silly tarball no local data for accepts@https://registry.npmjs.org/accepts/-/accepts-2.0.0.tgz. Extracting by manifest.
362 silly tarball no local data for express@https://registry.npmjs.org/express/-/express-5.2.1.tgz. Extracting by manifest.
363 http fetch POST 200 https://registry.npmjs.org/-/npm/v1/security/advisories/bulk 404ms
364 timing auditReport:getReport Completed in 411ms
365 silly audit report {}
366 timing auditReport:init Completed in 0ms
367 timing reify:audit Completed in 412ms
368 http fetch GET 200 https://registry.npmjs.org/side-channel-list/-/side-channel-list-1.0.0.tgz 800ms (cache miss)
369 http fetch GET 200 https://registry.npmjs.org/math-intrinsics/-/math-intrinsics-1.1.0.tgz 846ms (cache miss)
370 http fetch GET 200 https://registry.npmjs.org/inherits/-/inherits-2.0.4.tgz 786ms (cache miss)
371 timing reifyNode:node_modules/inherits Completed in 909ms
372 http fetch GET 200 https://registry.npmjs.org/toidentifier/-/toidentifier-1.0.1.tgz 813ms (cache miss)
373 timing reifyNode:node_modules/toidentifier Completed in 931ms
374 http fetch GET 200 https://registry.npmjs.org/on-finished/-/on-finished-2.4.1.tgz 732ms (cache miss)
375 timing reifyNode:node_modules/on-finished Completed in 930ms
376 http fetch GET 200 https://registry.npmjs.org/media-typer/-/media-typer-1.1.0.tgz 890ms (cache miss)
377 timing reifyNode:node_modules/media-typer Completed in 939ms
378 http fetch GET 200 https://registry.npmjs.org/wrappy/-/wrappy-1.0.2.tgz 835ms (cache miss)
379 timing reifyNode:node_modules/wrappy Completed in 942ms
380 http fetch GET 200 https://registry.npmjs.org/bytes/-/bytes-3.1.2.tgz 789ms (cache miss)
381 timing reifyNode:node_modules/bytes Completed in 945ms
382 http fetch GET 200 https://registry.npmjs.org/side-channel-weakmap/-/side-channel-weakmap-1.0.2.tgz 871ms (cache miss)
383 http fetch GET 200 https://registry.npmjs.org/is-promise/-/is-promise-4.0.0.tgz 859ms (cache miss)
384 timing reifyNode:node_modules/is-promise Completed in 953ms
385 http fetch GET 200 https://registry.npmjs.org/unpipe/-/unpipe-1.0.0.tgz 857ms (cache miss)
386 timing reifyNode:node_modules/unpipe Completed in 953ms
387 http fetch GET 200 https://registry.npmjs.org/ms/-/ms-2.1.3.tgz 823ms (cache miss)
388 timing reifyNode:node_modules/ms Completed in 955ms
389 http fetch GET 200 https://registry.npmjs.org/ee-first/-/ee-first-1.1.1.tgz 847ms (cache miss)
390 timing reifyNode:node_modules/ee-first Completed in 955ms
391 http fetch GET 200 https://registry.npmjs.org/parseurl/-/parseurl-1.3.3.tgz 758ms (cache miss)
392 timing reifyNode:node_modules/parseurl Completed in 953ms
393 http fetch GET 200 https://registry.npmjs.org/once/-/once-1.4.0.tgz 757ms (cache miss)
394 timing reifyNode:node_modules/once Completed in 953ms
395 http fetch GET 200 https://registry.npmjs.org/statuses/-/statuses-2.0.2.tgz 780ms (cache miss)
396 timing reifyNode:node_modules/statuses Completed in 957ms
397 http fetch GET 200 https://registry.npmjs.org/fresh/-/fresh-2.0.0.tgz 750ms (cache miss)
398 timing reifyNode:node_modules/fresh Completed in 955ms
399 http fetch GET 200 https://registry.npmjs.org/cookie-signature/-/cookie-signature-1.2.2.tgz 733ms (cache miss)
400 timing reifyNode:node_modules/cookie-signature Completed in 955ms
401 http fetch GET 200 https://registry.npmjs.org/hasown/-/hasown-2.0.2.tgz 911ms (cache miss)
402 http fetch GET 200 https://registry.npmjs.org/es-define-property/-/es-define-property-1.0.1.tgz 893ms (cache miss)
403 http fetch GET 200 https://registry.npmjs.org/forwarded/-/forwarded-0.2.0.tgz 859ms (cache miss)
404 timing reifyNode:node_modules/forwarded Completed in 963ms
405 http fetch GET 200 https://registry.npmjs.org/side-channel-map/-/side-channel-map-1.0.1.tgz 883ms (cache miss)
406 http fetch GET 200 https://registry.npmjs.org/setprototypeof/-/setprototypeof-1.2.0.tgz 845ms (cache miss)
407 timing reifyNode:node_modules/setprototypeof Completed in 965ms
408 http fetch GET 200 https://registry.npmjs.org/range-parser/-/range-parser-1.2.1.tgz 781ms (cache miss)
409 timing reifyNode:node_modules/range-parser Completed in 963ms
410 http fetch GET 200 https://registry.npmjs.org/etag/-/etag-1.8.1.tgz 754ms (cache miss)
411 timing reifyNode:node_modules/etag Completed in 964ms
412 http fetch GET 200 https://registry.npmjs.org/merge-descriptors/-/merge-descriptors-2.0.0.tgz 763ms (cache miss)
413 timing reifyNode:node_modules/merge-descriptors Completed in 964ms
414 timing reifyNode:node_modules/hasown Completed in 970ms
415 http fetch GET 200 https://registry.npmjs.org/proxy-addr/-/proxy-addr-2.0.7.tgz 780ms (cache miss)
416 timing reifyNode:node_modules/proxy-addr Completed in 969ms
417 http fetch GET 200 https://registry.npmjs.org/send/-/send-1.2.1.tgz 793ms (cache miss)
418 timing reifyNode:node_modules/send Completed in 971ms
419 http fetch GET 200 https://registry.npmjs.org/router/-/router-2.2.0.tgz 791ms (cache miss)
420 http fetch GET 200 https://registry.npmjs.org/escape-html/-/escape-html-1.0.3.tgz 759ms (cache miss)
421 timing reifyNode:node_modules/escape-html Completed in 971ms
422 timing reifyNode:node_modules/side-channel-weakmap Completed in 976ms
423 http fetch GET 200 https://registry.npmjs.org/get-proto/-/get-proto-1.0.1.tgz 917ms (cache miss)
424 timing reifyNode:node_modules/side-channel-list Completed in 977ms
425 http fetch GET 200 https://registry.npmjs.org/mime-types/-/mime-types-3.0.2.tgz 776ms (cache miss)
426 timing reifyNode:node_modules/mime-types Completed in 976ms
427 timing reifyNode:node_modules/router Completed in 977ms
428 timing reifyNode:node_modules/es-define-property Completed in 981ms
429 http fetch GET 200 https://registry.npmjs.org/gopd/-/gopd-1.2.0.tgz 927ms (cache miss)
430 http fetch GET 200 https://registry.npmjs.org/path-to-regexp/-/path-to-regexp-8.3.0.tgz 893ms (cache miss)
431 timing reifyNode:node_modules/path-to-regexp Completed in 986ms
432 http fetch GET 200 https://registry.npmjs.org/ipaddr.js/-/ipaddr.js-1.9.1.tgz 888ms (cache miss)
433 timing reifyNode:node_modules/ipaddr.js Completed in 990ms
434 http fetch GET 200 https://registry.npmjs.org/accepts/-/accepts-2.0.0.tgz 750ms (cache miss)
435 timing reifyNode:node_modules/side-channel-map Completed in 996ms
436 http fetch GET 200 https://registry.npmjs.org/raw-body/-/raw-body-3.0.2.tgz 849ms (cache miss)
437 timing reifyNode:node_modules/raw-body Completed in 995ms
438 http fetch GET 200 https://registry.npmjs.org/finalhandler/-/finalhandler-2.1.1.tgz 784ms (cache miss)
439 timing reifyNode:node_modules/finalhandler Completed in 992ms
440 http fetch GET 200 https://registry.npmjs.org/content-type/-/content-type-1.0.5.tgz 770ms (cache miss)
441 timing reifyNode:node_modules/content-type Completed in 995ms
442 http fetch GET 200 https://registry.npmjs.org/vary/-/vary-1.1.2.tgz 825ms (cache miss)
443 timing reifyNode:node_modules/vary Completed in 998ms
444 http fetch GET 200 https://registry.npmjs.org/encodeurl/-/encodeurl-2.0.0.tgz 779ms (cache miss)
445 timing reifyNode:node_modules/encodeurl Completed in 996ms
446 http fetch GET 200 https://registry.npmjs.org/http-errors/-/http-errors-2.0.1.tgz 793ms (cache miss)
447 timing reifyNode:node_modules/http-errors Completed in 996ms
448 timing reifyNode:node_modules/accepts Completed in 1001ms
449 http fetch GET 200 https://registry.npmjs.org/serve-static/-/serve-static-2.2.1.tgz 826ms (cache miss)
450 timing reifyNode:node_modules/serve-static Completed in 1003ms
451 http fetch GET 200 https://registry.npmjs.org/content-disposition/-/content-disposition-1.0.1.tgz 773ms (cache miss)
452 timing reifyNode:node_modules/content-disposition Completed in 1003ms
453 http fetch GET 200 https://registry.npmjs.org/type-is/-/type-is-2.0.1.tgz 831ms (cache miss)
454 timing reifyNode:node_modules/type-is Completed in 1006ms
455 http fetch GET 200 https://registry.npmjs.org/depd/-/depd-2.0.0.tgz 786ms (cache miss)
456 timing reifyNode:node_modules/depd Completed in 1004ms
457 http fetch GET 200 https://registry.npmjs.org/es-object-atoms/-/es-object-atoms-1.1.1.tgz 943ms (cache miss)
458 timing reifyNode:node_modules/get-proto Completed in 1010ms
459 timing reifyNode:node_modules/gopd Completed in 1012ms
460 http fetch GET 200 https://registry.npmjs.org/side-channel/-/side-channel-1.1.0.tgz 911ms (cache miss)
461 timing reifyNode:node_modules/side-channel Completed in 1011ms
462 http fetch GET 200 https://registry.npmjs.org/function-bind/-/function-bind-1.1.2.tgz 944ms (cache miss)
463 timing reifyNode:node_modules/function-bind Completed in 1014ms
464 http fetch GET 200 https://registry.npmjs.org/debug/-/debug-4.4.3.tgz 792ms (cache miss)
465 timing reifyNode:node_modules/debug Completed in 1012ms
466 http fetch GET 200 https://registry.npmjs.org/dunder-proto/-/dunder-proto-1.0.1.tgz 956ms (cache miss)
467 timing reifyNode:node_modules/dunder-proto Completed in 1018ms
468 timing reifyNode:node_modules/es-object-atoms Completed in 1018ms
469 http fetch GET 200 https://registry.npmjs.org/body-parser/-/body-parser-2.2.2.tgz 781ms (cache miss)
470 http fetch GET 200 https://registry.npmjs.org/call-bound/-/call-bound-1.0.4.tgz 942ms (cache miss)
471 timing reifyNode:node_modules/call-bound Completed in 1020ms
472 http fetch GET 200 https://registry.npmjs.org/express/-/express-5.2.1.tgz 705ms (cache miss)
473 http fetch GET 200 https://registry.npmjs.org/call-bind-apply-helpers/-/call-bind-apply-helpers-1.0.2.tgz 950ms (cache miss)
474 timing reifyNode:node_modules/body-parser Completed in 1019ms
475 http fetch GET 200 https://registry.npmjs.org/get-intrinsic/-/get-intrinsic-1.3.0.tgz 950ms (cache miss)
476 timing reifyNode:node_modules/get-intrinsic Completed in 1024ms
477 http fetch GET 200 https://registry.npmjs.org/cookie/-/cookie-0.7.2.tgz 797ms (cache miss)
478 timing reifyNode:node_modules/cookie Completed in 1020ms
479 timing reifyNode:node_modules/express Completed in 1021ms
480 http fetch GET 200 https://registry.npmjs.org/es-errors/-/es-errors-1.3.0.tgz 935ms (cache miss)
481 timing reifyNode:node_modules/call-bind-apply-helpers Completed in 1027ms
482 http fetch GET 200 https://registry.npmjs.org/negotiator/-/negotiator-1.0.0.tgz 860ms (cache miss)
483 timing reifyNode:node_modules/negotiator Completed in 1026ms
484 http fetch GET 200 https://registry.npmjs.org/has-symbols/-/has-symbols-1.1.0.tgz 973ms (cache miss)
485 timing reifyNode:node_modules/es-errors Completed in 1030ms
486 timing reifyNode:node_modules/has-symbols Completed in 1033ms
487 http fetch GET 200 https://registry.npmjs.org/mime-db/-/mime-db-1.54.0.tgz 918ms (cache miss)
488 timing reifyNode:node_modules/mime-db Completed in 1033ms
489 timing reifyNode:node_modules/math-intrinsics Completed in 1039ms
490 http fetch GET 200 https://registry.npmjs.org/qs/-/qs-6.15.0.tgz 856ms (cache miss)
491 timing reifyNode:node_modules/qs Completed in 1044ms
492 http fetch GET 200 https://registry.npmjs.org/object-inspect/-/object-inspect-1.13.4.tgz 960ms (cache miss)
493 timing reifyNode:node_modules/object-inspect Completed in 1049ms
494 timing reify:unpack Completed in 1051ms
495 timing reify:unretire Completed in 0ms
496 timing build:queue Completed in 5ms
497 timing build:deps Completed in 5ms
498 timing build Completed in 5ms
499 timing reify:build Completed in 6ms
500 timing reify:trash Completed in 0ms
501 timing reify:save Completed in 37ms
502 timing reify Completed in 2536ms
503 silly ADD node_modules/media-typer
504 silly ADD node_modules/dunder-proto
505 silly ADD node_modules/math-intrinsics
506 silly ADD node_modules/hasown
507 silly ADD node_modules/has-symbols
508 silly ADD node_modules/gopd
509 silly ADD node_modules/get-proto
510 silly ADD node_modules/es-object-atoms
511 silly ADD node_modules/es-define-property
512 silly ADD node_modules/function-bind
513 silly ADD node_modules/call-bind-apply-helpers
514 silly ADD node_modules/get-intrinsic
515 silly ADD node_modules/call-bound
516 silly ADD node_modules/side-channel-weakmap
517 silly ADD node_modules/side-channel-map
518 silly ADD node_modules/side-channel-list
519 silly ADD node_modules/object-inspect
520 silly ADD node_modules/es-errors
521 silly ADD node_modules/path-to-regexp
522 silly ADD node_modules/is-promise
523 silly ADD node_modules/unpipe
524 silly ADD node_modules/side-channel
525 silly ADD node_modules/ipaddr.js
526 silly ADD node_modules/forwarded
527 silly ADD node_modules/wrappy
528 silly ADD node_modules/ee-first
529 silly ADD node_modules/mime-db
530 silly ADD node_modules/toidentifier
531 silly ADD node_modules/setprototypeof
532 silly ADD node_modules/inherits
533 silly ADD node_modules/ms
534 silly ADD node_modules/raw-body
535 silly ADD node_modules/bytes
536 silly ADD node_modules/negotiator
537 silly ADD node_modules/vary
538 silly ADD node_modules/type-is
539 silly ADD node_modules/statuses
540 silly ADD node_modules/serve-static
541 silly ADD node_modules/send
542 silly ADD node_modules/router
543 silly ADD node_modules/range-parser
544 silly ADD node_modules/qs
545 silly ADD node_modules/proxy-addr
546 silly ADD node_modules/parseurl
547 silly ADD node_modules/once
548 silly ADD node_modules/on-finished
549 silly ADD node_modules/mime-types
550 silly ADD node_modules/merge-descriptors
551 silly ADD node_modules/http-errors
552 silly ADD node_modules/fresh
553 silly ADD node_modules/finalhandler
554 silly ADD node_modules/etag
555 silly ADD node_modules/escape-html
556 silly ADD node_modules/encodeurl
557 silly ADD node_modules/depd
558 silly ADD node_modules/debug
559 silly ADD node_modules/cookie-signature
560 silly ADD node_modules/cookie
561 silly ADD node_modules/content-type
562 silly ADD node_modules/content-disposition
563 silly ADD node_modules/body-parser
564 silly ADD node_modules/accepts
565 silly ADD node_modules/express
566 timing command:install Completed in 2549ms
567 verbose exit 0
568 timing npm Completed in 2599ms
569 info ok
